2018-11-30 04:47:27 WARN [HikariPool-1 housekeeper] c.z.h.p.HikariPool
                [HikariPool.java:758] HikariPool-1 - Thread starvation or clock leap detected (housekeeper delta=6h13m3s403ms304µs952ns).
2018-11-30 21:28:47 WARN [HikariPool-1 housekeeper] c.z.h.p.HikariPool
                [HikariPool.java:758] HikariPool-1 - Thread starvation or clock leap detected (housekeeper delta=16h13m54s617ms677µs198ns).
2018-11-30 21:29:24 INFO [restartedMain] c.e.s.ScaffoldApplication
                [StartupInfoLogger.java:50] Starting ScaffoldApplication on DESKTOP-PPDBD7C with PID 7240 (C:\Users\Admin\IdeaProjects\scaffold\target\classes started by Admin in C:\Users\Admin\IdeaProjects\scaffold)
2018-11-30 21:29:24 DEBUG [restartedMain] c.e.s.ScaffoldApplication
                [StartupInfoLogger.java:53] Running with Spring Boot v2.0.5.RELEASE, Spring v5.0.9.RELEASE
2018-11-30 21:29:24 INFO [restartedMain] c.e.s.ScaffoldApplication
                [SpringApplication.java:684] The following profiles are active: dev
2018-11-30 21:29:24 INFO [restartedMain] o.s.b.w.s.c.AnnotationConfigServletWebServerApplicationContext
                [AbstractApplicationContext.java:590] Refreshing org.springframework.boot.web.servlet.context.AnnotationConfigServletWebServerApplicationContext@399a27cf: startup date [Fri Nov 30 21:29:24 WAT 2018]; root of context hierarchy
2018-11-30 21:29:28 INFO [restartedMain] o.s.d.r.c.RepositoryConfigurationDelegate
                [RepositoryConfigurationDelegate.java:172] Multiple Spring Data modules found, entering strict repository configuration mode!
2018-11-30 21:29:28 INFO [restartedMain] o.s.d.r.c.RepositoryConfigurationDelegate
                [RepositoryConfigurationDelegate.java:172] Multiple Spring Data modules found, entering strict repository configuration mode!
2018-11-30 21:29:28 INFO [restartedMain] o.s.d.r.c.RepositoryConfigurationExtensionSupport
                [RepositoryConfigurationExtensionSupport.java:291] Spring Data Redis - Could not safely identify store assignment for repository candidate interface com.enenim.scaffold.repository.dao.ActiveHourRepository.
2018-11-30 21:29:28 INFO [restartedMain] o.s.d.r.c.RepositoryConfigurationExtensionSupport
                [RepositoryConfigurationExtensionSupport.java:291] Spring Data Redis - Could not safely identify store assignment for repository candidate interface com.enenim.scaffold.repository.dao.AuditRepository.
2018-11-30 21:29:28 INFO [restartedMain] o.s.d.r.c.RepositoryConfigurationExtensionSupport
                [RepositoryConfigurationExtensionSupport.java:291] Spring Data Redis - Could not safely identify store assignment for repository candidate interface com.enenim.scaffold.repository.dao.AuthorizationRepository.
2018-11-30 21:29:28 INFO [restartedMain] o.s.d.r.c.RepositoryConfigurationExtensionSupport
                [RepositoryConfigurationExtensionSupport.java:291] Spring Data Redis - Could not safely identify store assignment for repository candidate interface com.enenim.scaffold.repository.dao.BillerRepository.
2018-11-30 21:29:28 INFO [restartedMain] o.s.d.r.c.RepositoryConfigurationExtensionSupport
                [RepositoryConfigurationExtensionSupport.java:291] Spring Data Redis - Could not safely identify store assignment for repository candidate interface com.enenim.scaffold.repository.dao.CategoryRepository.
2018-11-30 21:29:28 INFO [restartedMain] o.s.d.r.c.RepositoryConfigurationExtensionSupport
                [RepositoryConfigurationExtensionSupport.java:291] Spring Data Redis - Could not safely identify store assignment for repository candidate interface com.enenim.scaffold.repository.dao.ConsumerAccountRepository.
2018-11-30 21:29:28 INFO [restartedMain] o.s.d.r.c.RepositoryConfigurationExtensionSupport
                [RepositoryConfigurationExtensionSupport.java:291] Spring Data Redis - Could not safely identify store assignment for repository candidate interface com.enenim.scaffold.repository.dao.ConsumerRepository.
2018-11-30 21:29:28 INFO [restartedMain] o.s.d.r.c.RepositoryConfigurationExtensionSupport
                [RepositoryConfigurationExtensionSupport.java:291] Spring Data Redis - Could not safely identify store assignment for repository candidate interface com.enenim.scaffold.repository.dao.ConsumerSettingRepository.
2018-11-30 21:29:28 INFO [restartedMain] o.s.d.r.c.RepositoryConfigurationExtensionSupport
                [RepositoryConfigurationExtensionSupport.java:291] Spring Data Redis - Could not safely identify store assignment for repository candidate interface com.enenim.scaffold.repository.dao.DisputeMessageRepository.
2018-11-30 21:29:28 INFO [restartedMain] o.s.d.r.c.RepositoryConfigurationExtensionSupport
                [RepositoryConfigurationExtensionSupport.java:291] Spring Data Redis - Could not safely identify store assignment for repository candidate interface com.enenim.scaffold.repository.dao.GroupRepository.
2018-11-30 21:29:28 INFO [restartedMain] o.s.d.r.c.RepositoryConfigurationExtensionSupport
                [RepositoryConfigurationExtensionSupport.java:291] Spring Data Redis - Could not safely identify store assignment for repository candidate interface com.enenim.scaffold.repository.dao.LogEventRepository.
2018-11-30 21:29:28 INFO [restartedMain] o.s.d.r.c.RepositoryConfigurationExtensionSupport
                [RepositoryConfigurationExtensionSupport.java:291] Spring Data Redis - Could not safely identify store assignment for repository candidate interface com.enenim.scaffold.repository.dao.LoginRepository.
2018-11-30 21:29:28 INFO [restartedMain] o.s.d.r.c.RepositoryConfigurationExtensionSupport
                [RepositoryConfigurationExtensionSupport.java:291] Spring Data Redis - Could not safely identify store assignment for repository candidate interface com.enenim.scaffold.repository.dao.LogWebServiceRepository.
2018-11-30 21:29:28 INFO [restartedMain] o.s.d.r.c.RepositoryConfigurationExtensionSupport
                [RepositoryConfigurationExtensionSupport.java:291] Spring Data Redis - Could not safely identify store assignment for repository candidate interface com.enenim.scaffold.repository.dao.PasswordResetRepository.
2018-11-30 21:29:28 INFO [restartedMain] o.s.d.r.c.RepositoryConfigurationExtensionSupport
                [RepositoryConfigurationExtensionSupport.java:291] Spring Data Redis - Could not safely identify store assignment for repository candidate interface com.enenim.scaffold.repository.dao.PaymentChannelRepository.
2018-11-30 21:29:28 INFO [restartedMain] o.s.d.r.c.RepositoryConfigurationExtensionSupport
                [RepositoryConfigurationExtensionSupport.java:291] Spring Data Redis - Could not safely identify store assignment for repository candidate interface com.enenim.scaffold.repository.dao.PublicHolidayRepository.
2018-11-30 21:29:28 INFO [restartedMain] o.s.d.r.c.RepositoryConfigurationExtensionSupport
                [RepositoryConfigurationExtensionSupport.java:291] Spring Data Redis - Could not safely identify store assignment for repository candidate interface com.enenim.scaffold.repository.dao.SettingRepository.
2018-11-30 21:29:28 INFO [restartedMain] o.s.d.r.c.RepositoryConfigurationExtensionSupport
                [RepositoryConfigurationExtensionSupport.java:291] Spring Data Redis - Could not safely identify store assignment for repository candidate interface com.enenim.scaffold.repository.dao.StaffRepository.
2018-11-30 21:29:28 INFO [restartedMain] o.s.d.r.c.RepositoryConfigurationExtensionSupport
                [RepositoryConfigurationExtensionSupport.java:291] Spring Data Redis - Could not safely identify store assignment for repository candidate interface com.enenim.scaffold.repository.dao.TaskRepository.
2018-11-30 21:29:28 INFO [restartedMain] o.s.d.r.c.RepositoryConfigurationExtensionSupport
                [RepositoryConfigurationExtensionSupport.java:291] Spring Data Redis - Could not safely identify store assignment for repository candidate interface com.enenim.scaffold.repository.dao.TrackerRepository.
2018-11-30 21:29:29 INFO [restartedMain] o.s.c.s.PostProcessorRegistrationDelegate$BeanPostProcessorChecker
                [PostProcessorRegistrationDelegate.java:326] Bean 'org.springframework.ws.config.annotation.DelegatingWsConfiguration' of type [org.springframework.ws.config.annotation.DelegatingWsConfiguration$$EnhancerBySpringCGLIB$$c2fc6fe6] is not eligible for getting processed by all BeanPostProcessors (for example: not eligible for auto-proxying)
2018-11-30 21:29:29 INFO [restartedMain] o.s.w.s.a.s.AnnotationActionEndpointMapping
                [AbstractAddressingEndpointMapping.java:236] Supporting [WS-Addressing August 2004, WS-Addressing 1.0]
2018-11-30 21:29:29 INFO [restartedMain] o.s.c.s.PostProcessorRegistrationDelegate$BeanPostProcessorChecker
                [PostProcessorRegistrationDelegate.java:326] Bean 'org.springframework.transaction.annotation.ProxyTransactionManagementConfiguration' of type [org.springframework.transaction.annotation.ProxyTransactionManagementConfiguration$$EnhancerBySpringCGLIB$$1e64aae7] is not eligible for getting processed by all BeanPostProcessors (for example: not eligible for auto-proxying)
2018-11-30 21:29:30 INFO [restartedMain] o.s.b.w.e.t.TomcatWebServer
                [TomcatWebServer.java:91] Tomcat initialized with port(s): 8080 (http)
2018-11-30 21:29:30 INFO [restartedMain] o.a.c.h.Http11NioProtocol
                [DirectJDKLog.java:180] Initializing ProtocolHandler ["http-nio-8080"]
2018-11-30 21:29:30 INFO [restartedMain] o.a.c.c.StandardService
                [DirectJDKLog.java:180] Starting service [Tomcat]
2018-11-30 21:29:30 INFO [restartedMain] o.a.c.c.StandardEngine
                [DirectJDKLog.java:180] Starting Servlet Engine: Apache Tomcat/8.5.34
2018-11-30 21:29:30 INFO [localhost-startStop-1] o.a.c.c.AprLifecycleListener
                [DirectJDKLog.java:180] The APR based Apache Tomcat Native library which allows optimal performance in production environments was not found on the java.library.path: [C:\Program Files\Java\jdk1.8.0_144\bin;C:\WINDOWS\Sun\Java\bin;C:\WINDOWS\system32;C:\WINDOWS;C:\ProgramData\Oracle\Java\javapath;C:\WINDOWS\system32;C:\WINDOWS;C:\WINDOWS\System32\Wbem;C:\WINDOWS\System32\WindowsPowerShell\v1.0\;C:\Program Files\Git\cmd;C:\Program Files\Java\jdk1.8.0_144\bin;C:\apache-maven-3.5.0-bin\bin;C:\WINDOWS\System32\OpenSSH\;C:\Program Files\PuTTY\;C:\xampp\php;C:\ProgramData\ComposerSetup\bin;C:\Program Files\nodejs\;%M2_HOME%\bin;C:\Users\Admin\AppData\Local\Microsoft\WindowsApps;;C:\Program Files\Microsoft VS Code\bin;C:\Users\Admin\AppData\Roaming\Composer\vendor\bin;C:\Users\Admin\AppData\Roaming\npm;.]
2018-11-30 21:29:30 INFO [localhost-startStop-1] o.a.c.c.C.[.[.[/]
                [DirectJDKLog.java:180] Initializing Spring embedded WebApplicationContext
2018-11-30 21:29:30 INFO [localhost-startStop-1] o.s.w.c.ContextLoader
                [ServletWebServerApplicationContext.java:285] Root WebApplicationContext: initialization completed in 5606 ms
2018-11-30 21:29:31 INFO [localhost-startStop-1] o.s.b.w.s.FilterRegistrationBean
                [AbstractFilterRegistrationBean.java:245] Mapping filter: 'characterEncodingFilter' to: [/*]
2018-11-30 21:29:31 INFO [localhost-startStop-1] o.s.b.w.s.FilterRegistrationBean
                [AbstractFilterRegistrationBean.java:245] Mapping filter: 'webMvcMetricsFilter' to: [/*]
2018-11-30 21:29:31 INFO [localhost-startStop-1] o.s.b.w.s.FilterRegistrationBean
                [AbstractFilterRegistrationBean.java:245] Mapping filter: 'sessionRepositoryFilter' to: [/*]
2018-11-30 21:29:31 INFO [localhost-startStop-1] o.s.b.w.s.FilterRegistrationBean
                [AbstractFilterRegistrationBean.java:245] Mapping filter: 'hiddenHttpMethodFilter' to: [/*]
2018-11-30 21:29:31 INFO [localhost-startStop-1] o.s.b.w.s.FilterRegistrationBean
                [AbstractFilterRegistrationBean.java:245] Mapping filter: 'httpPutFormContentFilter' to: [/*]
2018-11-30 21:29:31 INFO [localhost-startStop-1] o.s.b.w.s.FilterRegistrationBean
                [AbstractFilterRegistrationBean.java:245] Mapping filter: 'requestContextFilter' to: [/*]
2018-11-30 21:29:31 INFO [localhost-startStop-1] o.s.b.w.s.DelegatingFilterProxyRegistrationBean
                [AbstractFilterRegistrationBean.java:245] Mapping filter: 'springSecurityFilterChain' to: [/*]
2018-11-30 21:29:31 INFO [localhost-startStop-1] o.s.b.w.s.FilterRegistrationBean
                [AbstractFilterRegistrationBean.java:245] Mapping filter: 'httpTraceFilter' to: [/*]
2018-11-30 21:29:31 INFO [localhost-startStop-1] o.s.b.w.s.ServletRegistrationBean
                [ServletRegistrationBean.java:187] Servlet dispatcherServlet mapped to [/]
2018-11-30 21:29:31 INFO [localhost-startStop-1] o.s.b.w.s.ServletRegistrationBean
                [ServletRegistrationBean.java:187] Servlet messageDispatcherServlet mapped to [/services/*]
2018-11-30 21:29:31 INFO [restartedMain] o.s.o.j.LocalContainerEntityManagerFactoryBean
                [LocalContainerEntityManagerFactoryBean.java:361] Building JPA container EntityManagerFactory for persistence unit 'default'
2018-11-30 21:29:31 INFO [restartedMain] o.h.j.i.u.LogHelper
                [LogHelper.java:31] HHH000204: Processing PersistenceUnitInfo [
	name: default
	...]
2018-11-30 21:29:31 INFO [restartedMain] o.h.Version
                [Version.java:45] HHH000412: Hibernate Core {5.2.17.Final}
2018-11-30 21:29:31 INFO [restartedMain] o.h.c.Environment
                [Environment.java:213] HHH000206: hibernate.properties not found
2018-11-30 21:29:31 INFO [restartedMain] o.h.a.c.Version
                [JavaReflectionManager.java:66] HCANN000001: Hibernate Commons Annotations {5.0.1.Final}
2018-11-30 21:29:31 INFO [restartedMain] c.z.h.HikariDataSource
                [HikariDataSource.java:110] HikariPool-1 - Starting...
2018-11-30 21:29:32 INFO [restartedMain] c.z.h.HikariDataSource
                [HikariDataSource.java:123] HikariPool-1 - Start completed.
2018-11-30 21:29:32 INFO [restartedMain] o.h.d.Dialect
                [Dialect.java:157] HHH000400: Using dialect: org.hibernate.dialect.MySQL5InnoDBDialect
2018-11-30 21:29:34 INFO [restartedMain] o.s.o.j.LocalContainerEntityManagerFactoryBean
                [AbstractEntityManagerFactoryBean.java:415] Initialized JPA EntityManagerFactory for persistence unit 'default'
2018-11-30 21:29:35 INFO [restartedMain] o.h.h.i.QueryTranslatorFactoryInitiator
                [QueryTranslatorFactoryInitiator.java:47] HHH000397: Using ASTQueryTranslatorFactory
2018-11-30 21:29:36 WARN [restartedMain] o.s.b.a.o.j.JpaBaseConfiguration$JpaWebConfiguration$JpaWebMvcConfiguration
                [JpaBaseConfiguration.java:237] spring.jpa.open-in-view is enabled by default. Therefore, database queries may be performed during view rendering. Explicitly configure spring.jpa.open-in-view to disable this warning
2018-11-30 21:29:36 INFO [restartedMain] o.s.w.s.m.m.a.RequestMappingHandlerMapping
                [AbstractHandlerMethodMapping.java:549] Mapped "{[/administration/authorize/me],methods=[GET],produces=[application/json]}" onto public com.enenim.scaffold.dto.response.Response<com.enenim.scaffold.dto.response.PageResponse<com.enenim.scaffold.model.dao.Authorization>> com.enenim.scaffold.controller.AuthorizationController.getMyAuthorizations()
2018-11-30 21:29:36 INFO [restartedMain] o.s.w.s.m.m.a.RequestMappingHandlerMapping
                [AbstractHandlerMethodMapping.java:549] Mapped "{[/administration/authorize/{id}/reject],methods=[PUT],consumes=[application/json],produces=[application/json]}" onto public com.enenim.scaffold.dto.response.Response<com.enenim.scaffold.model.dao.Authorization> com.enenim.scaffold.controller.AuthorizationController.rejectAuthorization(java.lang.Long,java.lang.String)
2018-11-30 21:29:36 INFO [restartedMain] o.s.w.s.m.m.a.RequestMappingHandlerMapping
                [AbstractHandlerMethodMapping.java:549] Mapped "{[/administration/authorize],methods=[GET],produces=[application/json]}" onto public com.enenim.scaffold.dto.response.Response<com.enenim.scaffold.dto.response.PageResponse<com.enenim.scaffold.model.dao.Authorization>> com.enenim.scaffold.controller.AuthorizationController.getAuthorizations()
2018-11-30 21:29:36 INFO [restartedMain] o.s.w.s.m.m.a.RequestMappingHandlerMapping
                [AbstractHandlerMethodMapping.java:549] Mapped "{[/administration/authorize/{id}/approve],methods=[PUT],consumes=[application/json],produces=[application/json]}" onto public com.enenim.scaffold.dto.response.Response<com.enenim.scaffold.model.dao.Authorization> com.enenim.scaffold.controller.AuthorizationController.approveAuthorization(java.lang.Long)
2018-11-30 21:29:36 INFO [restartedMain] o.s.w.s.m.m.a.RequestMappingHandlerMapping
                [AbstractHandlerMethodMapping.java:549] Mapped "{[/administration/authorize/{id}/forward],methods=[PUT],consumes=[application/json],produces=[application/json]}" onto public com.enenim.scaffold.dto.response.Response<com.enenim.scaffold.model.dao.Authorization> com.enenim.scaffold.controller.AuthorizationController.forwardAuthorization(java.lang.Long)
2018-11-30 21:29:36 INFO [restartedMain] o.s.w.s.m.m.a.RequestMappingHandlerMapping
                [AbstractHandlerMethodMapping.java:549] Mapped "{[/administration/authorize/all/{type}],methods=[GET],produces=[application/json]}" onto public com.enenim.scaffold.dto.response.Response<com.enenim.scaffold.dto.response.PageResponse<com.enenim.scaffold.model.dao.Authorization>> com.enenim.scaffold.controller.AuthorizationController.getAllAuthorizationsByType(java.lang.String)
2018-11-30 21:29:36 INFO [restartedMain] o.s.w.s.m.m.a.RequestMappingHandlerMapping
                [AbstractHandlerMethodMapping.java:549] Mapped "{[/administration/authorize/checked],methods=[GET],produces=[application/json]}" onto public com.enenim.scaffold.dto.response.Response<com.enenim.scaffold.dto.response.PageResponse<com.enenim.scaffold.model.dao.Authorization>> com.enenim.scaffold.controller.AuthorizationController.getCheckedAuthorization()
2018-11-30 21:29:36 INFO [restartedMain] o.s.w.s.m.m.a.RequestMappingHandlerMapping
                [AbstractHandlerMethodMapping.java:549] Mapped "{[/administration/authorize/all],methods=[GET],produces=[application/json]}" onto public com.enenim.scaffold.dto.response.Response<com.enenim.scaffold.dto.response.PageResponse<com.enenim.scaffold.model.dao.Authorization>> com.enenim.scaffold.controller.AuthorizationController.getAllAuthorizations()
2018-11-30 21:29:36 INFO [restartedMain] o.s.w.s.m.m.a.RequestMappingHandlerMapping
                [AbstractHandlerMethodMapping.java:549] Mapped "{[/administration/authorize/forward],methods=[PUT],consumes=[application/json],produces=[application/json]}" onto public com.enenim.scaffold.dto.response.Response<java.util.Collection<com.enenim.scaffold.model.dao.Authorization>> com.enenim.scaffold.controller.AuthorizationController.forwardManyAuthorization(java.util.List<java.lang.Long>)
2018-11-30 21:29:36 INFO [restartedMain] o.s.w.s.m.m.a.RequestMappingHandlerMapping
                [AbstractHandlerMethodMapping.java:549] Mapped "{[/administration/authorize/me/{type}],methods=[GET],produces=[application/json]}" onto public com.enenim.scaffold.dto.response.Response<com.enenim.scaffold.dto.response.PageResponse<com.enenim.scaffold.model.dao.Authorization>> com.enenim.scaffold.controller.AuthorizationController.getMyAuthorizationsByType(java.lang.String)
2018-11-30 21:29:36 INFO [restartedMain] o.s.w.s.m.m.a.RequestMappingHandlerMapping
                [AbstractHandlerMethodMapping.java:549] Mapped "{[/administration/authorize/checked/{type}],methods=[GET],produces=[application/json]}" onto public com.enenim.scaffold.dto.response.Response<com.enenim.scaffold.dto.response.PageResponse<com.enenim.scaffold.model.dao.Authorization>> com.enenim.scaffold.controller.AuthorizationController.getCheckedAuthorizationsByType(java.lang.String)
2018-11-30 21:29:36 INFO [restartedMain] o.s.w.s.m.m.a.RequestMappingHandlerMapping
                [AbstractHandlerMethodMapping.java:549] Mapped "{[/administration/authorize/{id}],methods=[GET],produces=[application/json]}" onto public com.enenim.scaffold.dto.response.Response<com.enenim.scaffold.model.dao.Authorization> com.enenim.scaffold.controller.AuthorizationController.getAuthorization(java.lang.Long)
2018-11-30 21:29:36 INFO [restartedMain] o.s.w.s.m.m.a.RequestMappingHandlerMapping
                [AbstractHandlerMethodMapping.java:549] Mapped "{[/user/consumers/{id}/toggle],methods=[PUT],consumes=[application/json],produces=[application/json]}" onto public com.enenim.scaffold.dto.response.Response<com.enenim.scaffold.dto.response.BooleanResponse> com.enenim.scaffold.controller.ConsumerController.toggle(java.lang.Long)
2018-11-30 21:29:36 INFO [restartedMain] o.s.w.s.m.m.a.RequestMappingHandlerMapping
                [AbstractHandlerMethodMapping.java:549] Mapped "{[/user/consumers],methods=[POST],consumes=[application/json],produces=[application/json]}" onto public com.enenim.scaffold.dto.response.Response<com.enenim.scaffold.dto.response.ModelResponse<com.enenim.scaffold.model.dao.Consumer>> com.enenim.scaffold.controller.ConsumerController.storeAnonymousConsumers(com.enenim.scaffold.dto.request.Request<com.enenim.scaffold.dto.request.ConsumerRequest>)
2018-11-30 21:29:36 INFO [restartedMain] o.s.w.s.m.m.a.RequestMappingHandlerMapping
                [AbstractHandlerMethodMapping.java:549] Mapped "{[/user/consumers/{id}],methods=[GET],produces=[application/json]}" onto public com.enenim.scaffold.dto.response.Response<com.enenim.scaffold.dto.response.ModelResponse<com.enenim.scaffold.model.dao.Consumer>> com.enenim.scaffold.controller.ConsumerController.showConsumer(java.lang.Long)
2018-11-30 21:29:36 INFO [restartedMain] o.s.w.s.m.m.a.RequestMappingHandlerMapping
                [AbstractHandlerMethodMapping.java:549] Mapped "{[/user/consumers/{code}/verify],methods=[PUT],consumes=[application/json],produces=[application/json]}" onto public com.enenim.scaffold.dto.response.Response<com.enenim.scaffold.dto.response.ModelResponse<com.enenim.scaffold.model.dao.Consumer>> com.enenim.scaffold.controller.ConsumerController.verifyCode(java.lang.String,com.enenim.scaffold.dto.request.SignUpVerifyRequest) throws java.lang.Exception
2018-11-30 21:29:36 INFO [restartedMain] o.s.w.s.m.m.a.RequestMappingHandlerMapping
                [AbstractHandlerMethodMapping.java:549] Mapped "{[/user/consumers/sign-up],methods=[POST],consumes=[application/json],produces=[application/json]}" onto public com.enenim.scaffold.dto.response.Response<com.enenim.scaffold.dto.response.ModelResponse<com.enenim.scaffold.model.dao.Consumer>> com.enenim.scaffold.controller.ConsumerController.signUpConsumers(com.enenim.scaffold.dto.request.Request<com.enenim.scaffold.dto.request.ConsumerRequest>)
2018-11-30 21:29:36 INFO [restartedMain] o.s.w.s.m.m.a.RequestMappingHandlerMapping
                [AbstractHandlerMethodMapping.java:549] Mapped "{[/user/consumers],methods=[GET],produces=[application/json]}" onto public com.enenim.scaffold.dto.response.Response<com.enenim.scaffold.dto.response.PageResponse<com.enenim.scaffold.model.dao.Consumer>> com.enenim.scaffold.controller.ConsumerController.getConsumers()
2018-11-30 21:29:36 INFO [restartedMain] o.s.w.s.m.m.a.RequestMappingHandlerMapping
                [AbstractHandlerMethodMapping.java:549] Mapped "{[/user/consumers/{email}/code/re-send],methods=[POST],consumes=[application/json],produces=[application/json]}" onto public com.enenim.scaffold.dto.response.Response<com.enenim.scaffold.dto.response.BooleanResponse> com.enenim.scaffold.controller.ConsumerController.reSendCode(java.lang.String)
2018-11-30 21:29:36 INFO [restartedMain] o.s.w.s.m.m.a.RequestMappingHandlerMapping
                [AbstractHandlerMethodMapping.java:549] Mapped "{[/administration/groups/{id}],methods=[PUT],consumes=[application/json],produces=[application/json]}" onto public com.enenim.scaffold.dto.response.Response<com.enenim.scaffold.model.dao.Group> com.enenim.scaffold.controller.GroupController.update(java.lang.Long,com.enenim.scaffold.dto.request.Request<com.enenim.scaffold.dto.request.GroupRequest>)
2018-11-30 21:29:36 INFO [restartedMain] o.s.w.s.m.m.a.RequestMappingHandlerMapping
                [AbstractHandlerMethodMapping.java:549] Mapped "{[/administration/groups/{id}/tasks],methods=[GET],produces=[application/json]}" onto public com.enenim.scaffold.dto.response.Response<com.enenim.scaffold.dto.response.CollectionResponse<com.enenim.scaffold.model.dao.Task>> com.enenim.scaffold.controller.GroupController.getPermission(java.lang.Long)
2018-11-30 21:29:36 INFO [restartedMain] o.s.w.s.m.m.a.RequestMappingHandlerMapping
                [AbstractHandlerMethodMapping.java:549] Mapped "{[/administration/groups],methods=[POST],consumes=[application/json],produces=[application/json]}" onto public com.enenim.scaffold.dto.response.Response<com.enenim.scaffold.model.dao.Group> com.enenim.scaffold.controller.GroupController.createGroup(com.enenim.scaffold.dto.request.Request<com.enenim.scaffold.dto.request.GroupRequest>)
2018-11-30 21:29:36 INFO [restartedMain] o.s.w.s.m.m.a.RequestMappingHandlerMapping
                [AbstractHandlerMethodMapping.java:549] Mapped "{[/administration/groups],methods=[GET],produces=[application/json]}" onto public com.enenim.scaffold.dto.response.Response<com.enenim.scaffold.dto.response.PageResponse<com.enenim.scaffold.model.dao.Group>> com.enenim.scaffold.controller.GroupController.getGroups()
2018-11-30 21:29:36 INFO [restartedMain] o.s.w.s.m.m.a.RequestMappingHandlerMapping
                [AbstractHandlerMethodMapping.java:549] Mapped "{[/administration/groups/{id}/authorizations],methods=[GET],produces=[application/json]}" onto public com.enenim.scaffold.dto.response.Response<com.enenim.scaffold.dto.response.CollectionResponse<com.enenim.scaffold.model.dao.Task>> com.enenim.scaffold.controller.GroupController.getPermissionAuthorizations(java.lang.Long)
2018-11-30 21:29:36 INFO [restartedMain] o.s.w.s.m.m.a.RequestMappingHandlerMapping
                [AbstractHandlerMethodMapping.java:549] Mapped "{[/administration/groups/{id}/authorizations],methods=[PUT],consumes=[application/json],produces=[application/json]}" onto public com.enenim.scaffold.dto.response.Response<com.enenim.scaffold.dto.response.ModelResponse<com.enenim.scaffold.model.dao.Group>> com.enenim.scaffold.controller.GroupController.updatePermissionAuthorizations(java.lang.Long,com.enenim.scaffold.dto.request.Request<com.enenim.scaffold.dto.request.PermissionRequest>)
2018-11-30 21:29:36 INFO [restartedMain] o.s.w.s.m.m.a.RequestMappingHandlerMapping
                [AbstractHandlerMethodMapping.java:549] Mapped "{[/administration/groups/{id}],methods=[GET],produces=[application/json]}" onto public com.enenim.scaffold.dto.response.Response<com.enenim.scaffold.model.dao.Group> com.enenim.scaffold.controller.GroupController.show(java.lang.Long)
2018-11-30 21:29:36 INFO [restartedMain] o.s.w.s.m.m.a.RequestMappingHandlerMapping
                [AbstractHandlerMethodMapping.java:549] Mapped "{[/administration/groups/{id}/tasks],methods=[PUT],consumes=[application/json],produces=[application/json]}" onto public com.enenim.scaffold.dto.response.Response<com.enenim.scaffold.dto.response.ModelResponse<com.enenim.scaffold.model.dao.Group>> com.enenim.scaffold.controller.GroupController.updatePermission(java.lang.Long,com.enenim.scaffold.dto.request.Request<com.enenim.scaffold.dto.request.PermissionRequest>)
2018-11-30 21:29:36 INFO [restartedMain] o.s.w.s.m.m.a.RequestMappingHandlerMapping
                [AbstractHandlerMethodMapping.java:549] Mapped "{[/administration/settings/{key}],methods=[GET],produces=[application/json]}" onto public com.enenim.scaffold.dto.response.Response<com.enenim.scaffold.dto.response.ModelResponse<com.enenim.scaffold.model.cache.SettingCache>> com.enenim.scaffold.controller.SettingController.getSetting(java.lang.String)
2018-11-30 21:29:36 INFO [restartedMain] o.s.w.s.m.m.a.RequestMappingHandlerMapping
                [AbstractHandlerMethodMapping.java:549] Mapped "{[/administration/settings],methods=[PUT],consumes=[application/json],produces=[application/json]}" onto public com.enenim.scaffold.dto.response.Response<com.enenim.scaffold.dto.response.ModelResponse<com.enenim.scaffold.model.cache.SettingCache>> com.enenim.scaffold.controller.SettingController.saveSetting(com.enenim.scaffold.dto.request.Request<com.enenim.scaffold.dto.request.SettingRequest>)
2018-11-30 21:29:36 INFO [restartedMain] o.s.w.s.m.m.a.RequestMappingHandlerMapping
                [AbstractHandlerMethodMapping.java:549] Mapped "{[/user/staff/{id}/lookup],methods=[GET],produces=[application/json]}" onto public com.enenim.scaffold.dto.response.Response<com.enenim.scaffold.dto.response.ModelResponse<com.enenim.scaffold.model.dao.Staff>> com.enenim.scaffold.controller.StaffController.lookupStaff(java.lang.Long)
2018-11-30 21:29:36 INFO [restartedMain] o.s.w.s.m.m.a.RequestMappingHandlerMapping
                [AbstractHandlerMethodMapping.java:549] Mapped "{[/user/staff/{id}],methods=[GET],produces=[application/json]}" onto public com.enenim.scaffold.dto.response.Response<com.enenim.scaffold.dto.response.ModelResponse<com.enenim.scaffold.model.dao.Staff>> com.enenim.scaffold.controller.StaffController.getStaff(java.lang.Long)
2018-11-30 21:29:36 INFO [restartedMain] o.s.w.s.m.m.a.RequestMappingHandlerMapping
                [AbstractHandlerMethodMapping.java:549] Mapped "{[/user/staff],methods=[GET],produces=[application/json]}" onto public com.enenim.scaffold.dto.response.Response<com.enenim.scaffold.dto.response.PageResponse<com.enenim.scaffold.model.dao.Staff>> com.enenim.scaffold.controller.StaffController.getStaff()
2018-11-30 21:29:36 INFO [restartedMain] o.s.w.s.m.m.a.RequestMappingHandlerMapping
                [AbstractHandlerMethodMapping.java:549] Mapped "{[/user/staff/{id}/toggle],methods=[PUT],consumes=[application/json],produces=[application/json]}" onto public com.enenim.scaffold.dto.response.Response<com.enenim.scaffold.model.dao.Staff> com.enenim.scaffold.controller.StaffController.toggleStaff(java.lang.Long)
2018-11-30 21:29:36 INFO [restartedMain] o.s.w.s.m.m.a.RequestMappingHandlerMapping
                [AbstractHandlerMethodMapping.java:549] Mapped "{[/user/staff],methods=[POST],consumes=[application/json],produces=[application/json]}" onto public com.enenim.scaffold.dto.response.Response<com.enenim.scaffold.dto.response.ModelResponse<com.enenim.scaffold.model.dao.Staff>> com.enenim.scaffold.controller.StaffController.createStaff(com.enenim.scaffold.dto.request.Request<com.enenim.scaffold.dto.request.StaffRequest>)
2018-11-30 21:29:36 INFO [restartedMain] o.s.w.s.m.m.a.RequestMappingHandlerMapping
                [AbstractHandlerMethodMapping.java:549] Mapped "{[/user/staff/{id}],methods=[PUT],consumes=[application/json],produces=[application/json]}" onto public com.enenim.scaffold.dto.response.Response<com.enenim.scaffold.dto.response.ModelResponse<com.enenim.scaffold.model.dao.Staff>> com.enenim.scaffold.controller.StaffController.updateStaff(java.lang.Long,com.enenim.scaffold.dto.request.Request<com.enenim.scaffold.dto.request.StaffRequest>)
2018-11-30 21:29:36 INFO [restartedMain] o.s.w.s.m.m.a.RequestMappingHandlerMapping
                [AbstractHandlerMethodMapping.java:549] Mapped "{[/administration/tasks/{id}],methods=[GET],produces=[application/json]}" onto public com.enenim.scaffold.dto.response.Response<com.enenim.scaffold.dto.response.ModelResponse<com.enenim.scaffold.model.dao.Task>> com.enenim.scaffold.controller.TaskController.getTask(java.lang.Long)
2018-11-30 21:29:36 INFO [restartedMain] o.s.w.s.m.m.a.RequestMappingHandlerMapping
                [AbstractHandlerMethodMapping.java:549] Mapped "{[/administration/tasks],methods=[GET],produces=[application/json]}" onto public com.enenim.scaffold.dto.response.Response<com.enenim.scaffold.dto.response.PageResponse<com.enenim.scaffold.model.dao.Task>> com.enenim.scaffold.controller.TaskController.getTasks()
2018-11-30 21:29:36 INFO [restartedMain] o.s.w.s.m.m.a.RequestMappingHandlerMapping
                [AbstractHandlerMethodMapping.java:549] Mapped "{[/administration/tasks/{id}],methods=[PUT],consumes=[application/json],produces=[application/json]}" onto public com.enenim.scaffold.dto.response.Response<com.enenim.scaffold.dto.response.ModelResponse<com.enenim.scaffold.model.dao.Task>> com.enenim.scaffold.controller.TaskController.updateTask(java.lang.Long,com.enenim.scaffold.dto.request.Request<com.enenim.scaffold.dto.request.TaskRequest>)
2018-11-30 21:29:36 INFO [restartedMain] o.s.w.s.m.m.a.RequestMappingHandlerMapping
                [AbstractHandlerMethodMapping.java:549] Mapped "{[/administration/tasks/sync],methods=[PUT],consumes=[application/json],produces=[application/json]}" onto public com.enenim.scaffold.dto.response.Response<com.enenim.scaffold.dto.response.BooleanResponse> com.enenim.scaffold.controller.TaskController.syncTasks()
2018-11-30 21:29:36 INFO [restartedMain] o.s.w.s.m.m.a.RequestMappingHandlerMapping
                [AbstractHandlerMethodMapping.java:549] Mapped "{[/test/queue],methods=[GET],produces=[application/json]}" onto public void com.enenim.scaffold.controller.TestController.getSubscribedEvents() throws java.lang.ClassNotFoundException
2018-11-30 21:29:36 INFO [restartedMain] o.s.w.s.m.m.a.RequestMappingHandlerMapping
                [AbstractHandlerMethodMapping.java:549] Mapped "{[/test/password],methods=[GET],produces=[application/json]}" onto public void com.enenim.scaffold.controller.TestController.generatePassword() throws java.lang.ClassNotFoundException
2018-11-30 21:29:36 INFO [restartedMain] o.s.w.s.m.m.a.RequestMappingHandlerMapping
                [AbstractHandlerMethodMapping.java:549] Mapped "{[/user/accounts/authenticate],methods=[POST],consumes=[application/json],produces=[application/json]}" onto public com.enenim.scaffold.dto.response.Response<com.enenim.scaffold.dto.response.StringResponse> com.enenim.scaffold.controller.UserAccountController.accountAuth(com.enenim.scaffold.dto.request.Request<com.enenim.scaffold.dto.request.LoginRequest>)
2018-11-30 21:29:36 INFO [restartedMain] o.s.w.s.m.m.a.RequestMappingHandlerMapping
                [AbstractHandlerMethodMapping.java:549] Mapped "{[/error]}" onto public org.springframework.http.ResponseEntity<java.util.Map<java.lang.String, java.lang.Object>> org.springframework.boot.autoconfigure.web.servlet.error.BasicErrorController.error(javax.servlet.http.HttpServletRequest)
2018-11-30 21:29:36 INFO [restartedMain] o.s.w.s.m.m.a.RequestMappingHandlerMapping
                [AbstractHandlerMethodMapping.java:549] Mapped "{[/error],produces=[text/html]}" onto public org.springframework.web.servlet.ModelAndView org.springframework.boot.autoconfigure.web.servlet.error.BasicErrorController.errorHtml(javax.servlet.http.HttpServletRequest,javax.servlet.http.HttpServletResponse)
2018-11-30 21:29:36 INFO [restartedMain] o.s.b.a.s.s.UserDetailsServiceAutoConfiguration
                [UserDetailsServiceAutoConfiguration.java:86] 

Using generated security password: cd51f618-39eb-484a-85dc-22078bb880e6

2018-11-30 21:29:36 INFO [restartedMain] o.s.s.w.DefaultSecurityFilterChain
                [DefaultSecurityFilterChain.java:43] Creating filter chain: Ant [pattern='/**', OPTIONS], []
2018-11-30 21:29:36 INFO [restartedMain] o.s.s.w.DefaultSecurityFilterChain
                [DefaultSecurityFilterChain.java:43] Creating filter chain: org.springframework.security.web.util.matcher.AnyRequestMatcher@1, [org.springframework.security.web.context.request.async.WebAsyncManagerIntegrationFilter@29e2fa1d, org.springframework.security.web.context.SecurityContextPersistenceFilter@26f1c0ca, org.springframework.security.web.header.HeaderWriterFilter@4134a16, org.springframework.security.web.authentication.logout.LogoutFilter@4b4039b1, org.springframework.security.web.savedrequest.RequestCacheAwareFilter@302a4d41, org.springframework.security.web.servletapi.SecurityContextHolderAwareRequestFilter@6ce7f8af, org.springframework.security.web.authentication.AnonymousAuthenticationFilter@5dbb7068, org.springframework.security.web.session.SessionManagementFilter@53d8a9e3, org.springframework.security.web.access.ExceptionTranslationFilter@b5d119d, org.springframework.security.web.access.intercept.FilterSecurityInterceptor@69178572]
2018-11-30 21:29:36 INFO [restartedMain] o.s.s.c.ThreadPoolTaskExecutor
                [ExecutorConfigurationSupport.java:171] Initializing ExecutorService 
2018-11-30 21:29:36 INFO [restartedMain] o.s.s.c.ThreadPoolTaskExecutor
                [ExecutorConfigurationSupport.java:171] Initializing ExecutorService  'taskExecutor'
2018-11-30 21:29:36 INFO [restartedMain] o.s.w.s.h.SimpleUrlHandlerMapping
                [AbstractUrlHandlerMapping.java:373] Mapped URL path [/**/favicon.ico] onto handler of type [class org.springframework.web.servlet.resource.ResourceHttpRequestHandler]
2018-11-30 21:29:36 INFO [restartedMain] o.s.w.s.m.m.a.RequestMappingHandlerAdapter
                [RequestMappingHandlerAdapter.java:588] Looking for @ControllerAdvice: org.springframework.boot.web.servlet.context.AnnotationConfigServletWebServerApplicationContext@399a27cf: startup date [Fri Nov 30 21:29:24 WAT 2018]; root of context hierarchy
2018-11-30 21:29:37 INFO [restartedMain] o.s.w.s.h.SimpleUrlHandlerMapping
                [AbstractUrlHandlerMapping.java:373] Mapped URL path [/webjars/**] onto handler of type [class org.springframework.web.servlet.resource.ResourceHttpRequestHandler]
2018-11-30 21:29:37 INFO [restartedMain] o.s.w.s.h.SimpleUrlHandlerMapping
                [AbstractUrlHandlerMapping.java:373] Mapped URL path [/**] onto handler of type [class org.springframework.web.servlet.resource.ResourceHttpRequestHandler]
2018-11-30 21:29:37 INFO [restartedMain] o.s.w.s.h.SimpleUrlHandlerMapping
                [AbstractUrlHandlerMapping.java:373] Mapped URL path [/assets/**] onto handler of type [class org.springframework.web.servlet.resource.ResourceHttpRequestHandler]
2018-11-30 21:29:37 INFO [restartedMain] o.s.w.s.m.m.a.ExceptionHandlerExceptionResolver
                [ExceptionHandlerExceptionResolver.java:288] Detected @ExceptionHandler methods in exceptionHandlingController
2018-11-30 21:29:37 INFO [restartedMain] o.s.b.a.w.s.WelcomePageHandlerMapping
                [WelcomePageHandlerMapping.java:61] Adding welcome page template: index
2018-11-30 21:29:37 INFO [restartedMain] o.s.b.a.e.w.EndpointLinksResolver
                [EndpointLinksResolver.java:59] Exposing 2 endpoint(s) beneath base path '/actuator'
2018-11-30 21:29:37 INFO [restartedMain] o.s.b.a.e.w.s.WebMvcEndpointHandlerMapping
                [AbstractHandlerMethodMapping.java:549] Mapped "{[/actuator/health],methods=[GET],produces=[application/vnd.spring-boot.actuator.v2+json || application/json]}" onto public java.lang.Object org.springframework.boot.actuate.endpoint.web.servlet.AbstractWebMvcEndpointHandlerMapping$OperationHandler.handle(javax.servlet.http.HttpServletRequest,java.util.Map<java.lang.String, java.lang.String>)
2018-11-30 21:29:37 INFO [restartedMain] o.s.b.a.e.w.s.WebMvcEndpointHandlerMapping
                [AbstractHandlerMethodMapping.java:549] Mapped "{[/actuator/info],methods=[GET],produces=[application/vnd.spring-boot.actuator.v2+json || application/json]}" onto public java.lang.Object org.springframework.boot.actuate.endpoint.web.servlet.AbstractWebMvcEndpointHandlerMapping$OperationHandler.handle(javax.servlet.http.HttpServletRequest,java.util.Map<java.lang.String, java.lang.String>)
2018-11-30 21:29:37 INFO [restartedMain] o.s.b.a.e.w.s.WebMvcEndpointHandlerMapping
                [AbstractHandlerMethodMapping.java:549] Mapped "{[/actuator],methods=[GET],produces=[application/vnd.spring-boot.actuator.v2+json || application/json]}" onto protected java.util.Map<java.lang.String, java.util.Map<java.lang.String, org.springframework.boot.actuate.endpoint.web.Link>> org.springframework.boot.actuate.endpoint.web.servlet.WebMvcEndpointHandlerMapping.links(javax.servlet.http.HttpServletRequest,javax.servlet.http.HttpServletResponse)
2018-11-30 21:29:38 INFO [restartedMain] o.s.b.d.a.OptionalLiveReloadServer
                [OptionalLiveReloadServer.java:57] LiveReload server is running on port 35729
2018-11-30 21:29:38 INFO [restartedMain] o.s.j.e.a.AnnotationMBeanExporter
                [MBeanExporter.java:433] Registering beans for JMX exposure on startup
2018-11-30 21:29:38 INFO [restartedMain] o.s.j.e.a.AnnotationMBeanExporter
                [MBeanExporter.java:895] Bean with name 'dataSource' has been autodetected for JMX exposure
2018-11-30 21:29:38 INFO [restartedMain] o.s.j.e.a.AnnotationMBeanExporter
                [MBeanExporter.java:668] Located MBean 'dataSource': registering with JMX server as MBean [com.zaxxer.hikari:name=dataSource,type=HikariDataSource]
2018-11-30 21:29:38 INFO [restartedMain] o.s.c.s.DefaultLifecycleProcessor
                [DefaultLifecycleProcessor.java:356] Starting beans in phase 2147483647
2018-11-30 21:29:38 INFO [restartedMain] o.s.s.a.ScheduledAnnotationBeanPostProcessor
                [ScheduledAnnotationBeanPostProcessor.java:276] No TaskScheduler/ScheduledExecutorService bean found for scheduled processing
2018-11-30 21:29:38 INFO [restartedMain] o.a.c.h.Http11NioProtocol
                [DirectJDKLog.java:180] Starting ProtocolHandler ["http-nio-8080"]
2018-11-30 21:29:38 INFO [restartedMain] o.a.t.u.n.NioSelectorPool
                [DirectJDKLog.java:180] Using a shared selector for servlet write/read
2018-11-30 21:29:38 INFO [restartedMain] o.s.b.w.e.t.TomcatWebServer
                [TomcatWebServer.java:206] Tomcat started on port(s): 8080 (http) with context path ''
2018-11-30 21:29:38 INFO [restartedMain] c.e.s.ScaffoldApplication
                [StartupInfoLogger.java:59] Started ScaffoldApplication in 14.158 seconds (JVM running for 15.128)
2018-11-30 21:30:25 INFO [http-nio-8080-exec-2] o.a.c.c.C.[.[.[/]
                [DirectJDKLog.java:180] Initializing Spring FrameworkServlet 'dispatcherServlet'
2018-11-30 21:30:25 INFO [http-nio-8080-exec-2] o.s.w.s.DispatcherServlet
                [FrameworkServlet.java:494] FrameworkServlet 'dispatcherServlet': initialization started
2018-11-30 21:30:25 INFO [http-nio-8080-exec-2] o.s.w.s.DispatcherServlet
                [FrameworkServlet.java:509] FrameworkServlet 'dispatcherServlet': initialization completed in 22 ms
2018-11-30 21:30:25 WARN [http-nio-8080-exec-2] o.s.w.s.m.m.a.ExceptionHandlerExceptionResolver
                [AbstractHandlerExceptionResolver.java:194] Resolved exception caused by handler execution: com.enenim.scaffold.exception.UnAuthorizedException: Login failed
2018-11-30 21:30:25 ERROR [Asynchronous Process-1] o.s.a.i.SimpleAsyncUncaughtExceptionHandler
                [SimpleAsyncUncaughtExceptionHandler.java:38] Unexpected error occurred invoking async method: public void com.enenim.scaffold.service.MailExceptionService.send(java.lang.Object)
org.springframework.mail.MailSendException: Mail server connection failed; nested exception is com.sun.mail.util.MailConnectException: Couldn't connect to host, port: smtp.gmail.com, 587; timeout 10000;
  nested exception is:
	java.net.UnknownHostException: smtp.gmail.com. Failed messages: com.sun.mail.util.MailConnectException: Couldn't connect to host, port: smtp.gmail.com, 587; timeout 10000;
  nested exception is:
	java.net.UnknownHostException: smtp.gmail.com
	at org.springframework.mail.javamail.JavaMailSenderImpl.doSend(JavaMailSenderImpl.java:446)
	at org.springframework.mail.javamail.JavaMailSenderImpl.send(JavaMailSenderImpl.java:359)
	at org.springframework.mail.javamail.JavaMailSenderImpl.send(JavaMailSenderImpl.java:354)
	at com.enenim.scaffold.service.MailService.sendMail(MailService.java:54)
	at com.enenim.scaffold.service.MailExceptionService.send(MailExceptionService.java:69)
	at com.enenim.scaffold.service.MailExceptionService$$FastClassBySpringCGLIB$$c309ab03.invoke(<generated>)
	at org.springframework.cglib.proxy.MethodProxy.invoke(MethodProxy.java:204)
	at org.springframework.aop.framework.CglibAopProxy$CglibMethodInvocation.invokeJoinpoint(CglibAopProxy.java:746)
	at org.springframework.aop.framework.ReflectiveMethodInvocation.proceed(ReflectiveMethodInvocation.java:163)
	at org.springframework.aop.interceptor.AsyncExecutionInterceptor.lambda$invoke$0(AsyncExecutionInterceptor.java:115)
	at java.util.concurrent.FutureTask.run(FutureTask.java:266)
	at java.util.concurrent.ThreadPoolExecutor.runWorker(ThreadPoolExecutor.java:1149)
	at java.util.concurrent.ThreadPoolExecutor$Worker.run(ThreadPoolExecutor.java:624)
	at java.lang.Thread.run(Thread.java:748)
Caused by: com.sun.mail.util.MailConnectException: Couldn't connect to host, port: smtp.gmail.com, 587; timeout 10000
	at com.sun.mail.smtp.SMTPTransport.openServer(SMTPTransport.java:2209)
	at com.sun.mail.smtp.SMTPTransport.protocolConnect(SMTPTransport.java:740)
	at javax.mail.Service.connect(Service.java:366)
	at org.springframework.mail.javamail.JavaMailSenderImpl.connectTransport(JavaMailSenderImpl.java:515)
	at org.springframework.mail.javamail.JavaMailSenderImpl.doSend(JavaMailSenderImpl.java:435)
	... 13 common frames omitted
Caused by: java.net.UnknownHostException: smtp.gmail.com
	at java.net.AbstractPlainSocketImpl.connect(AbstractPlainSocketImpl.java:184)
	at java.net.PlainSocketImpl.connect(PlainSocketImpl.java:172)
	at java.net.SocksSocketImpl.connect(SocksSocketImpl.java:392)
	at java.net.Socket.connect(Socket.java:589)
	at com.sun.mail.util.WriteTimeoutSocket.connect(WriteTimeoutSocket.java:115)
	at com.sun.mail.util.SocketFetcher.createSocket(SocketFetcher.java:357)
	at com.sun.mail.util.SocketFetcher.getSocket(SocketFetcher.java:238)
	at com.sun.mail.smtp.SMTPTransport.openServer(SMTPTransport.java:2175)
	... 17 common frames omitted
2018-11-30 21:36:04 INFO [restartedMain] c.e.s.ScaffoldApplication
                [StartupInfoLogger.java:50] Starting ScaffoldApplication on DESKTOP-PPDBD7C with PID 12052 (C:\Users\Admin\IdeaProjects\scaffold\target\classes started by Admin in C:\Users\Admin\IdeaProjects\scaffold)
2018-11-30 21:36:04 DEBUG [restartedMain] c.e.s.ScaffoldApplication
                [StartupInfoLogger.java:53] Running with Spring Boot v2.0.5.RELEASE, Spring v5.0.9.RELEASE
2018-11-30 21:36:04 INFO [restartedMain] c.e.s.ScaffoldApplication
                [SpringApplication.java:684] The following profiles are active: dev
2018-11-30 21:36:05 INFO [restartedMain] o.s.b.w.s.c.AnnotationConfigServletWebServerApplicationContext
                [AbstractApplicationContext.java:590] Refreshing org.springframework.boot.web.servlet.context.AnnotationConfigServletWebServerApplicationContext@46218a65: startup date [Fri Nov 30 21:36:05 WAT 2018]; root of context hierarchy
2018-11-30 21:36:06 INFO [restartedMain] o.s.d.r.c.RepositoryConfigurationDelegate
                [RepositoryConfigurationDelegate.java:172] Multiple Spring Data modules found, entering strict repository configuration mode!
2018-11-30 21:36:07 INFO [restartedMain] o.s.d.r.c.RepositoryConfigurationDelegate
                [RepositoryConfigurationDelegate.java:172] Multiple Spring Data modules found, entering strict repository configuration mode!
2018-11-30 21:36:07 INFO [restartedMain] o.s.d.r.c.RepositoryConfigurationExtensionSupport
                [RepositoryConfigurationExtensionSupport.java:291] Spring Data Redis - Could not safely identify store assignment for repository candidate interface com.enenim.scaffold.repository.dao.ActiveHourRepository.
2018-11-30 21:36:07 INFO [restartedMain] o.s.d.r.c.RepositoryConfigurationExtensionSupport
                [RepositoryConfigurationExtensionSupport.java:291] Spring Data Redis - Could not safely identify store assignment for repository candidate interface com.enenim.scaffold.repository.dao.AuditRepository.
2018-11-30 21:36:07 INFO [restartedMain] o.s.d.r.c.RepositoryConfigurationExtensionSupport
                [RepositoryConfigurationExtensionSupport.java:291] Spring Data Redis - Could not safely identify store assignment for repository candidate interface com.enenim.scaffold.repository.dao.AuthorizationRepository.
2018-11-30 21:36:07 INFO [restartedMain] o.s.d.r.c.RepositoryConfigurationExtensionSupport
                [RepositoryConfigurationExtensionSupport.java:291] Spring Data Redis - Could not safely identify store assignment for repository candidate interface com.enenim.scaffold.repository.dao.BillerRepository.
2018-11-30 21:36:07 INFO [restartedMain] o.s.d.r.c.RepositoryConfigurationExtensionSupport
                [RepositoryConfigurationExtensionSupport.java:291] Spring Data Redis - Could not safely identify store assignment for repository candidate interface com.enenim.scaffold.repository.dao.CategoryRepository.
2018-11-30 21:36:07 INFO [restartedMain] o.s.d.r.c.RepositoryConfigurationExtensionSupport
                [RepositoryConfigurationExtensionSupport.java:291] Spring Data Redis - Could not safely identify store assignment for repository candidate interface com.enenim.scaffold.repository.dao.ConsumerAccountRepository.
2018-11-30 21:36:07 INFO [restartedMain] o.s.d.r.c.RepositoryConfigurationExtensionSupport
                [RepositoryConfigurationExtensionSupport.java:291] Spring Data Redis - Could not safely identify store assignment for repository candidate interface com.enenim.scaffold.repository.dao.ConsumerRepository.
2018-11-30 21:36:07 INFO [restartedMain] o.s.d.r.c.RepositoryConfigurationExtensionSupport
                [RepositoryConfigurationExtensionSupport.java:291] Spring Data Redis - Could not safely identify store assignment for repository candidate interface com.enenim.scaffold.repository.dao.ConsumerSettingRepository.
2018-11-30 21:36:07 INFO [restartedMain] o.s.d.r.c.RepositoryConfigurationExtensionSupport
                [RepositoryConfigurationExtensionSupport.java:291] Spring Data Redis - Could not safely identify store assignment for repository candidate interface com.enenim.scaffold.repository.dao.DisputeMessageRepository.
2018-11-30 21:36:07 INFO [restartedMain] o.s.d.r.c.RepositoryConfigurationExtensionSupport
                [RepositoryConfigurationExtensionSupport.java:291] Spring Data Redis - Could not safely identify store assignment for repository candidate interface com.enenim.scaffold.repository.dao.GroupRepository.
2018-11-30 21:36:07 INFO [restartedMain] o.s.d.r.c.RepositoryConfigurationExtensionSupport
                [RepositoryConfigurationExtensionSupport.java:291] Spring Data Redis - Could not safely identify store assignment for repository candidate interface com.enenim.scaffold.repository.dao.LogEventRepository.
2018-11-30 21:36:07 INFO [restartedMain] o.s.d.r.c.RepositoryConfigurationExtensionSupport
                [RepositoryConfigurationExtensionSupport.java:291] Spring Data Redis - Could not safely identify store assignment for repository candidate interface com.enenim.scaffold.repository.dao.LoginRepository.
2018-11-30 21:36:07 INFO [restartedMain] o.s.d.r.c.RepositoryConfigurationExtensionSupport
                [RepositoryConfigurationExtensionSupport.java:291] Spring Data Redis - Could not safely identify store assignment for repository candidate interface com.enenim.scaffold.repository.dao.LogWebServiceRepository.
2018-11-30 21:36:07 INFO [restartedMain] o.s.d.r.c.RepositoryConfigurationExtensionSupport
                [RepositoryConfigurationExtensionSupport.java:291] Spring Data Redis - Could not safely identify store assignment for repository candidate interface com.enenim.scaffold.repository.dao.PasswordResetRepository.
2018-11-30 21:36:07 INFO [restartedMain] o.s.d.r.c.RepositoryConfigurationExtensionSupport
                [RepositoryConfigurationExtensionSupport.java:291] Spring Data Redis - Could not safely identify store assignment for repository candidate interface com.enenim.scaffold.repository.dao.PaymentChannelRepository.
2018-11-30 21:36:07 INFO [restartedMain] o.s.d.r.c.RepositoryConfigurationExtensionSupport
                [RepositoryConfigurationExtensionSupport.java:291] Spring Data Redis - Could not safely identify store assignment for repository candidate interface com.enenim.scaffold.repository.dao.PublicHolidayRepository.
2018-11-30 21:36:07 INFO [restartedMain] o.s.d.r.c.RepositoryConfigurationExtensionSupport
                [RepositoryConfigurationExtensionSupport.java:291] Spring Data Redis - Could not safely identify store assignment for repository candidate interface com.enenim.scaffold.repository.dao.SettingRepository.
2018-11-30 21:36:07 INFO [restartedMain] o.s.d.r.c.RepositoryConfigurationExtensionSupport
                [RepositoryConfigurationExtensionSupport.java:291] Spring Data Redis - Could not safely identify store assignment for repository candidate interface com.enenim.scaffold.repository.dao.StaffRepository.
2018-11-30 21:36:07 INFO [restartedMain] o.s.d.r.c.RepositoryConfigurationExtensionSupport
                [RepositoryConfigurationExtensionSupport.java:291] Spring Data Redis - Could not safely identify store assignment for repository candidate interface com.enenim.scaffold.repository.dao.TaskRepository.
2018-11-30 21:36:07 INFO [restartedMain] o.s.d.r.c.RepositoryConfigurationExtensionSupport
                [RepositoryConfigurationExtensionSupport.java:291] Spring Data Redis - Could not safely identify store assignment for repository candidate interface com.enenim.scaffold.repository.dao.TrackerRepository.
2018-11-30 21:36:07 INFO [restartedMain] o.s.c.s.PostProcessorRegistrationDelegate$BeanPostProcessorChecker
                [PostProcessorRegistrationDelegate.java:326] Bean 'org.springframework.ws.config.annotation.DelegatingWsConfiguration' of type [org.springframework.ws.config.annotation.DelegatingWsConfiguration$$EnhancerBySpringCGLIB$$648857c2] is not eligible for getting processed by all BeanPostProcessors (for example: not eligible for auto-proxying)
2018-11-30 21:36:07 INFO [restartedMain] o.s.w.s.a.s.AnnotationActionEndpointMapping
                [AbstractAddressingEndpointMapping.java:236] Supporting [WS-Addressing August 2004, WS-Addressing 1.0]
2018-11-30 21:36:07 INFO [restartedMain] o.s.c.s.PostProcessorRegistrationDelegate$BeanPostProcessorChecker
                [PostProcessorRegistrationDelegate.java:326] Bean 'org.springframework.transaction.annotation.ProxyTransactionManagementConfiguration' of type [org.springframework.transaction.annotation.ProxyTransactionManagementConfiguration$$EnhancerBySpringCGLIB$$bff092c3] is not eligible for getting processed by all BeanPostProcessors (for example: not eligible for auto-proxying)
2018-11-30 21:36:08 INFO [restartedMain] o.s.b.w.e.t.TomcatWebServer
                [TomcatWebServer.java:91] Tomcat initialized with port(s): 8080 (http)
2018-11-30 21:36:08 INFO [restartedMain] o.a.c.h.Http11NioProtocol
                [DirectJDKLog.java:180] Initializing ProtocolHandler ["http-nio-8080"]
2018-11-30 21:36:08 INFO [restartedMain] o.a.c.c.StandardService
                [DirectJDKLog.java:180] Starting service [Tomcat]
2018-11-30 21:36:08 INFO [restartedMain] o.a.c.c.StandardEngine
                [DirectJDKLog.java:180] Starting Servlet Engine: Apache Tomcat/8.5.34
2018-11-30 21:36:08 INFO [localhost-startStop-1] o.a.c.c.AprLifecycleListener
                [DirectJDKLog.java:180] The APR based Apache Tomcat Native library which allows optimal performance in production environments was not found on the java.library.path: [C:\Program Files\Java\jdk1.8.0_144\bin;C:\WINDOWS\Sun\Java\bin;C:\WINDOWS\system32;C:\WINDOWS;C:\ProgramData\Oracle\Java\javapath;C:\WINDOWS\system32;C:\WINDOWS;C:\WINDOWS\System32\Wbem;C:\WINDOWS\System32\WindowsPowerShell\v1.0\;C:\Program Files\Git\cmd;C:\Program Files\Java\jdk1.8.0_144\bin;C:\apache-maven-3.5.0-bin\bin;C:\WINDOWS\System32\OpenSSH\;C:\Program Files\PuTTY\;C:\xampp\php;C:\ProgramData\ComposerSetup\bin;C:\Program Files\nodejs\;%M2_HOME%\bin;C:\Users\Admin\AppData\Local\Microsoft\WindowsApps;;C:\Program Files\Microsoft VS Code\bin;C:\Users\Admin\AppData\Roaming\Composer\vendor\bin;C:\Users\Admin\AppData\Roaming\npm;.]
2018-11-30 21:36:08 INFO [localhost-startStop-1] o.a.c.c.C.[.[.[/]
                [DirectJDKLog.java:180] Initializing Spring embedded WebApplicationContext
2018-11-30 21:36:08 INFO [localhost-startStop-1] o.s.w.c.ContextLoader
                [ServletWebServerApplicationContext.java:285] Root WebApplicationContext: initialization completed in 3481 ms
2018-11-30 21:36:09 INFO [localhost-startStop-1] o.s.b.w.s.FilterRegistrationBean
                [AbstractFilterRegistrationBean.java:245] Mapping filter: 'characterEncodingFilter' to: [/*]
2018-11-30 21:36:09 INFO [localhost-startStop-1] o.s.b.w.s.FilterRegistrationBean
                [AbstractFilterRegistrationBean.java:245] Mapping filter: 'webMvcMetricsFilter' to: [/*]
2018-11-30 21:36:09 INFO [localhost-startStop-1] o.s.b.w.s.FilterRegistrationBean
                [AbstractFilterRegistrationBean.java:245] Mapping filter: 'sessionRepositoryFilter' to: [/*]
2018-11-30 21:36:09 INFO [localhost-startStop-1] o.s.b.w.s.FilterRegistrationBean
                [AbstractFilterRegistrationBean.java:245] Mapping filter: 'hiddenHttpMethodFilter' to: [/*]
2018-11-30 21:36:09 INFO [localhost-startStop-1] o.s.b.w.s.FilterRegistrationBean
                [AbstractFilterRegistrationBean.java:245] Mapping filter: 'httpPutFormContentFilter' to: [/*]
2018-11-30 21:36:09 INFO [localhost-startStop-1] o.s.b.w.s.FilterRegistrationBean
                [AbstractFilterRegistrationBean.java:245] Mapping filter: 'requestContextFilter' to: [/*]
2018-11-30 21:36:09 INFO [localhost-startStop-1] o.s.b.w.s.DelegatingFilterProxyRegistrationBean
                [AbstractFilterRegistrationBean.java:245] Mapping filter: 'springSecurityFilterChain' to: [/*]
2018-11-30 21:36:09 INFO [localhost-startStop-1] o.s.b.w.s.FilterRegistrationBean
                [AbstractFilterRegistrationBean.java:245] Mapping filter: 'httpTraceFilter' to: [/*]
2018-11-30 21:36:09 INFO [localhost-startStop-1] o.s.b.w.s.ServletRegistrationBean
                [ServletRegistrationBean.java:187] Servlet dispatcherServlet mapped to [/]
2018-11-30 21:36:09 INFO [localhost-startStop-1] o.s.b.w.s.ServletRegistrationBean
                [ServletRegistrationBean.java:187] Servlet messageDispatcherServlet mapped to [/services/*]
2018-11-30 21:36:09 INFO [restartedMain] o.s.o.j.LocalContainerEntityManagerFactoryBean
                [LocalContainerEntityManagerFactoryBean.java:361] Building JPA container EntityManagerFactory for persistence unit 'default'
2018-11-30 21:36:09 INFO [restartedMain] o.h.j.i.u.LogHelper
                [LogHelper.java:31] HHH000204: Processing PersistenceUnitInfo [
	name: default
	...]
2018-11-30 21:36:09 INFO [restartedMain] o.h.Version
                [Version.java:45] HHH000412: Hibernate Core {5.2.17.Final}
2018-11-30 21:36:09 INFO [restartedMain] o.h.c.Environment
                [Environment.java:213] HHH000206: hibernate.properties not found
2018-11-30 21:36:09 INFO [restartedMain] o.h.a.c.Version
                [JavaReflectionManager.java:66] HCANN000001: Hibernate Commons Annotations {5.0.1.Final}
2018-11-30 21:36:09 INFO [restartedMain] c.z.h.HikariDataSource
                [HikariDataSource.java:110] HikariPool-1 - Starting...
2018-11-30 21:36:10 INFO [restartedMain] c.z.h.HikariDataSource
                [HikariDataSource.java:123] HikariPool-1 - Start completed.
2018-11-30 21:36:10 INFO [restartedMain] o.h.d.Dialect
                [Dialect.java:157] HHH000400: Using dialect: org.hibernate.dialect.MySQL5InnoDBDialect
2018-11-30 21:36:13 INFO [restartedMain] o.s.o.j.LocalContainerEntityManagerFactoryBean
                [AbstractEntityManagerFactoryBean.java:415] Initialized JPA EntityManagerFactory for persistence unit 'default'
2018-11-30 21:36:13 INFO [restartedMain] o.h.h.i.QueryTranslatorFactoryInitiator
                [QueryTranslatorFactoryInitiator.java:47] HHH000397: Using ASTQueryTranslatorFactory
2018-11-30 21:36:14 WARN [restartedMain] o.s.b.a.o.j.JpaBaseConfiguration$JpaWebConfiguration$JpaWebMvcConfiguration
                [JpaBaseConfiguration.java:237] spring.jpa.open-in-view is enabled by default. Therefore, database queries may be performed during view rendering. Explicitly configure spring.jpa.open-in-view to disable this warning
2018-11-30 21:36:14 INFO [restartedMain] o.s.w.s.m.m.a.RequestMappingHandlerMapping
                [AbstractHandlerMethodMapping.java:549] Mapped "{[/administration/authorize/{id}],methods=[GET],produces=[application/json]}" onto public com.enenim.scaffold.dto.response.Response<com.enenim.scaffold.model.dao.Authorization> com.enenim.scaffold.controller.AuthorizationController.getAuthorization(java.lang.Long)
2018-11-30 21:36:14 INFO [restartedMain] o.s.w.s.m.m.a.RequestMappingHandlerMapping
                [AbstractHandlerMethodMapping.java:549] Mapped "{[/administration/authorize/me/{type}],methods=[GET],produces=[application/json]}" onto public com.enenim.scaffold.dto.response.Response<com.enenim.scaffold.dto.response.PageResponse<com.enenim.scaffold.model.dao.Authorization>> com.enenim.scaffold.controller.AuthorizationController.getMyAuthorizationsByType(java.lang.String)
2018-11-30 21:36:14 INFO [restartedMain] o.s.w.s.m.m.a.RequestMappingHandlerMapping
                [AbstractHandlerMethodMapping.java:549] Mapped "{[/administration/authorize/checked],methods=[GET],produces=[application/json]}" onto public com.enenim.scaffold.dto.response.Response<com.enenim.scaffold.dto.response.PageResponse<com.enenim.scaffold.model.dao.Authorization>> com.enenim.scaffold.controller.AuthorizationController.getCheckedAuthorization()
2018-11-30 21:36:14 INFO [restartedMain] o.s.w.s.m.m.a.RequestMappingHandlerMapping
                [AbstractHandlerMethodMapping.java:549] Mapped "{[/administration/authorize/forward],methods=[PUT],consumes=[application/json],produces=[application/json]}" onto public com.enenim.scaffold.dto.response.Response<java.util.Collection<com.enenim.scaffold.model.dao.Authorization>> com.enenim.scaffold.controller.AuthorizationController.forwardManyAuthorization(java.util.List<java.lang.Long>)
2018-11-30 21:36:14 INFO [restartedMain] o.s.w.s.m.m.a.RequestMappingHandlerMapping
                [AbstractHandlerMethodMapping.java:549] Mapped "{[/administration/authorize/all],methods=[GET],produces=[application/json]}" onto public com.enenim.scaffold.dto.response.Response<com.enenim.scaffold.dto.response.PageResponse<com.enenim.scaffold.model.dao.Authorization>> com.enenim.scaffold.controller.AuthorizationController.getAllAuthorizations()
2018-11-30 21:36:14 INFO [restartedMain] o.s.w.s.m.m.a.RequestMappingHandlerMapping
                [AbstractHandlerMethodMapping.java:549] Mapped "{[/administration/authorize/{id}/reject],methods=[PUT],consumes=[application/json],produces=[application/json]}" onto public com.enenim.scaffold.dto.response.Response<com.enenim.scaffold.model.dao.Authorization> com.enenim.scaffold.controller.AuthorizationController.rejectAuthorization(java.lang.Long,java.lang.String)
2018-11-30 21:36:14 INFO [restartedMain] o.s.w.s.m.m.a.RequestMappingHandlerMapping
                [AbstractHandlerMethodMapping.java:549] Mapped "{[/administration/authorize/{id}/approve],methods=[PUT],consumes=[application/json],produces=[application/json]}" onto public com.enenim.scaffold.dto.response.Response<com.enenim.scaffold.model.dao.Authorization> com.enenim.scaffold.controller.AuthorizationController.approveAuthorization(java.lang.Long)
2018-11-30 21:36:14 INFO [restartedMain] o.s.w.s.m.m.a.RequestMappingHandlerMapping
                [AbstractHandlerMethodMapping.java:549] Mapped "{[/administration/authorize/checked/{type}],methods=[GET],produces=[application/json]}" onto public com.enenim.scaffold.dto.response.Response<com.enenim.scaffold.dto.response.PageResponse<com.enenim.scaffold.model.dao.Authorization>> com.enenim.scaffold.controller.AuthorizationController.getCheckedAuthorizationsByType(java.lang.String)
2018-11-30 21:36:14 INFO [restartedMain] o.s.w.s.m.m.a.RequestMappingHandlerMapping
                [AbstractHandlerMethodMapping.java:549] Mapped "{[/administration/authorize/all/{type}],methods=[GET],produces=[application/json]}" onto public com.enenim.scaffold.dto.response.Response<com.enenim.scaffold.dto.response.PageResponse<com.enenim.scaffold.model.dao.Authorization>> com.enenim.scaffold.controller.AuthorizationController.getAllAuthorizationsByType(java.lang.String)
2018-11-30 21:36:14 INFO [restartedMain] o.s.w.s.m.m.a.RequestMappingHandlerMapping
                [AbstractHandlerMethodMapping.java:549] Mapped "{[/administration/authorize],methods=[GET],produces=[application/json]}" onto public com.enenim.scaffold.dto.response.Response<com.enenim.scaffold.dto.response.PageResponse<com.enenim.scaffold.model.dao.Authorization>> com.enenim.scaffold.controller.AuthorizationController.getAuthorizations()
2018-11-30 21:36:14 INFO [restartedMain] o.s.w.s.m.m.a.RequestMappingHandlerMapping
                [AbstractHandlerMethodMapping.java:549] Mapped "{[/administration/authorize/me],methods=[GET],produces=[application/json]}" onto public com.enenim.scaffold.dto.response.Response<com.enenim.scaffold.dto.response.PageResponse<com.enenim.scaffold.model.dao.Authorization>> com.enenim.scaffold.controller.AuthorizationController.getMyAuthorizations()
2018-11-30 21:36:14 INFO [restartedMain] o.s.w.s.m.m.a.RequestMappingHandlerMapping
                [AbstractHandlerMethodMapping.java:549] Mapped "{[/administration/authorize/{id}/forward],methods=[PUT],consumes=[application/json],produces=[application/json]}" onto public com.enenim.scaffold.dto.response.Response<com.enenim.scaffold.model.dao.Authorization> com.enenim.scaffold.controller.AuthorizationController.forwardAuthorization(java.lang.Long)
2018-11-30 21:36:14 INFO [restartedMain] o.s.w.s.m.m.a.RequestMappingHandlerMapping
                [AbstractHandlerMethodMapping.java:549] Mapped "{[/user/consumers/{id}/toggle],methods=[PUT],consumes=[application/json],produces=[application/json]}" onto public com.enenim.scaffold.dto.response.Response<com.enenim.scaffold.dto.response.BooleanResponse> com.enenim.scaffold.controller.ConsumerController.toggle(java.lang.Long)
2018-11-30 21:36:14 INFO [restartedMain] o.s.w.s.m.m.a.RequestMappingHandlerMapping
                [AbstractHandlerMethodMapping.java:549] Mapped "{[/user/consumers/{id}],methods=[GET],produces=[application/json]}" onto public com.enenim.scaffold.dto.response.Response<com.enenim.scaffold.dto.response.ModelResponse<com.enenim.scaffold.model.dao.Consumer>> com.enenim.scaffold.controller.ConsumerController.showConsumer(java.lang.Long)
2018-11-30 21:36:14 INFO [restartedMain] o.s.w.s.m.m.a.RequestMappingHandlerMapping
                [AbstractHandlerMethodMapping.java:549] Mapped "{[/user/consumers],methods=[GET],produces=[application/json]}" onto public com.enenim.scaffold.dto.response.Response<com.enenim.scaffold.dto.response.PageResponse<com.enenim.scaffold.model.dao.Consumer>> com.enenim.scaffold.controller.ConsumerController.getConsumers()
2018-11-30 21:36:14 INFO [restartedMain] o.s.w.s.m.m.a.RequestMappingHandlerMapping
                [AbstractHandlerMethodMapping.java:549] Mapped "{[/user/consumers/{code}/verify],methods=[PUT],consumes=[application/json],produces=[application/json]}" onto public com.enenim.scaffold.dto.response.Response<com.enenim.scaffold.dto.response.ModelResponse<com.enenim.scaffold.model.dao.Consumer>> com.enenim.scaffold.controller.ConsumerController.verifyCode(java.lang.String,com.enenim.scaffold.dto.request.SignUpVerifyRequest) throws java.lang.Exception
2018-11-30 21:36:14 INFO [restartedMain] o.s.w.s.m.m.a.RequestMappingHandlerMapping
                [AbstractHandlerMethodMapping.java:549] Mapped "{[/user/consumers/sign-up],methods=[POST],consumes=[application/json],produces=[application/json]}" onto public com.enenim.scaffold.dto.response.Response<com.enenim.scaffold.dto.response.ModelResponse<com.enenim.scaffold.model.dao.Consumer>> com.enenim.scaffold.controller.ConsumerController.signUpConsumers(com.enenim.scaffold.dto.request.Request<com.enenim.scaffold.dto.request.ConsumerRequest>)
2018-11-30 21:36:14 INFO [restartedMain] o.s.w.s.m.m.a.RequestMappingHandlerMapping
                [AbstractHandlerMethodMapping.java:549] Mapped "{[/user/consumers/{email}/code/re-send],methods=[POST],consumes=[application/json],produces=[application/json]}" onto public com.enenim.scaffold.dto.response.Response<com.enenim.scaffold.dto.response.BooleanResponse> com.enenim.scaffold.controller.ConsumerController.reSendCode(java.lang.String)
2018-11-30 21:36:14 INFO [restartedMain] o.s.w.s.m.m.a.RequestMappingHandlerMapping
                [AbstractHandlerMethodMapping.java:549] Mapped "{[/user/consumers],methods=[POST],consumes=[application/json],produces=[application/json]}" onto public com.enenim.scaffold.dto.response.Response<com.enenim.scaffold.dto.response.ModelResponse<com.enenim.scaffold.model.dao.Consumer>> com.enenim.scaffold.controller.ConsumerController.storeAnonymousConsumers(com.enenim.scaffold.dto.request.Request<com.enenim.scaffold.dto.request.ConsumerRequest>)
2018-11-30 21:36:14 INFO [restartedMain] o.s.w.s.m.m.a.RequestMappingHandlerMapping
                [AbstractHandlerMethodMapping.java:549] Mapped "{[/administration/groups/{id}],methods=[PUT],consumes=[application/json],produces=[application/json]}" onto public com.enenim.scaffold.dto.response.Response<com.enenim.scaffold.model.dao.Group> com.enenim.scaffold.controller.GroupController.update(java.lang.Long,com.enenim.scaffold.dto.request.Request<com.enenim.scaffold.dto.request.GroupRequest>)
2018-11-30 21:36:14 INFO [restartedMain] o.s.w.s.m.m.a.RequestMappingHandlerMapping
                [AbstractHandlerMethodMapping.java:549] Mapped "{[/administration/groups/{id}/tasks],methods=[GET],produces=[application/json]}" onto public com.enenim.scaffold.dto.response.Response<com.enenim.scaffold.dto.response.CollectionResponse<com.enenim.scaffold.model.dao.Task>> com.enenim.scaffold.controller.GroupController.getPermission(java.lang.Long)
2018-11-30 21:36:14 INFO [restartedMain] o.s.w.s.m.m.a.RequestMappingHandlerMapping
                [AbstractHandlerMethodMapping.java:549] Mapped "{[/administration/groups],methods=[POST],consumes=[application/json],produces=[application/json]}" onto public com.enenim.scaffold.dto.response.Response<com.enenim.scaffold.model.dao.Group> com.enenim.scaffold.controller.GroupController.createGroup(com.enenim.scaffold.dto.request.Request<com.enenim.scaffold.dto.request.GroupRequest>)
2018-11-30 21:36:14 INFO [restartedMain] o.s.w.s.m.m.a.RequestMappingHandlerMapping
                [AbstractHandlerMethodMapping.java:549] Mapped "{[/administration/groups],methods=[GET],produces=[application/json]}" onto public com.enenim.scaffold.dto.response.Response<com.enenim.scaffold.dto.response.PageResponse<com.enenim.scaffold.model.dao.Group>> com.enenim.scaffold.controller.GroupController.getGroups()
2018-11-30 21:36:14 INFO [restartedMain] o.s.w.s.m.m.a.RequestMappingHandlerMapping
                [AbstractHandlerMethodMapping.java:549] Mapped "{[/administration/groups/{id}/tasks],methods=[PUT],consumes=[application/json],produces=[application/json]}" onto public com.enenim.scaffold.dto.response.Response<com.enenim.scaffold.dto.response.ModelResponse<com.enenim.scaffold.model.dao.Group>> com.enenim.scaffold.controller.GroupController.updatePermission(java.lang.Long,com.enenim.scaffold.dto.request.Request<com.enenim.scaffold.dto.request.PermissionRequest>)
2018-11-30 21:36:14 INFO [restartedMain] o.s.w.s.m.m.a.RequestMappingHandlerMapping
                [AbstractHandlerMethodMapping.java:549] Mapped "{[/administration/groups/{id}],methods=[GET],produces=[application/json]}" onto public com.enenim.scaffold.dto.response.Response<com.enenim.scaffold.model.dao.Group> com.enenim.scaffold.controller.GroupController.show(java.lang.Long)
2018-11-30 21:36:14 INFO [restartedMain] o.s.w.s.m.m.a.RequestMappingHandlerMapping
                [AbstractHandlerMethodMapping.java:549] Mapped "{[/administration/groups/{id}/authorizations],methods=[GET],produces=[application/json]}" onto public com.enenim.scaffold.dto.response.Response<com.enenim.scaffold.dto.response.CollectionResponse<com.enenim.scaffold.model.dao.Task>> com.enenim.scaffold.controller.GroupController.getPermissionAuthorizations(java.lang.Long)
2018-11-30 21:36:14 INFO [restartedMain] o.s.w.s.m.m.a.RequestMappingHandlerMapping
                [AbstractHandlerMethodMapping.java:549] Mapped "{[/administration/groups/{id}/authorizations],methods=[PUT],consumes=[application/json],produces=[application/json]}" onto public com.enenim.scaffold.dto.response.Response<com.enenim.scaffold.dto.response.ModelResponse<com.enenim.scaffold.model.dao.Group>> com.enenim.scaffold.controller.GroupController.updatePermissionAuthorizations(java.lang.Long,com.enenim.scaffold.dto.request.Request<com.enenim.scaffold.dto.request.PermissionRequest>)
2018-11-30 21:36:14 INFO [restartedMain] o.s.w.s.m.m.a.RequestMappingHandlerMapping
                [AbstractHandlerMethodMapping.java:549] Mapped "{[/administration/settings/{key}],methods=[GET],produces=[application/json]}" onto public com.enenim.scaffold.dto.response.Response<com.enenim.scaffold.dto.response.ModelResponse<com.enenim.scaffold.model.cache.SettingCache>> com.enenim.scaffold.controller.SettingController.getSetting(java.lang.String)
2018-11-30 21:36:14 INFO [restartedMain] o.s.w.s.m.m.a.RequestMappingHandlerMapping
                [AbstractHandlerMethodMapping.java:549] Mapped "{[/administration/settings],methods=[PUT],consumes=[application/json],produces=[application/json]}" onto public com.enenim.scaffold.dto.response.Response<com.enenim.scaffold.dto.response.ModelResponse<com.enenim.scaffold.model.cache.SettingCache>> com.enenim.scaffold.controller.SettingController.saveSetting(com.enenim.scaffold.dto.request.Request<com.enenim.scaffold.dto.request.SettingRequest>)
2018-11-30 21:36:14 INFO [restartedMain] o.s.w.s.m.m.a.RequestMappingHandlerMapping
                [AbstractHandlerMethodMapping.java:549] Mapped "{[/user/staff/{id}],methods=[PUT],consumes=[application/json],produces=[application/json]}" onto public com.enenim.scaffold.dto.response.Response<com.enenim.scaffold.dto.response.ModelResponse<com.enenim.scaffold.model.dao.Staff>> com.enenim.scaffold.controller.StaffController.updateStaff(java.lang.Long,com.enenim.scaffold.dto.request.Request<com.enenim.scaffold.dto.request.StaffRequest>)
2018-11-30 21:36:14 INFO [restartedMain] o.s.w.s.m.m.a.RequestMappingHandlerMapping
                [AbstractHandlerMethodMapping.java:549] Mapped "{[/user/staff],methods=[POST],consumes=[application/json],produces=[application/json]}" onto public com.enenim.scaffold.dto.response.Response<com.enenim.scaffold.dto.response.ModelResponse<com.enenim.scaffold.model.dao.Staff>> com.enenim.scaffold.controller.StaffController.createStaff(com.enenim.scaffold.dto.request.Request<com.enenim.scaffold.dto.request.StaffRequest>)
2018-11-30 21:36:14 INFO [restartedMain] o.s.w.s.m.m.a.RequestMappingHandlerMapping
                [AbstractHandlerMethodMapping.java:549] Mapped "{[/user/staff],methods=[GET],produces=[application/json]}" onto public com.enenim.scaffold.dto.response.Response<com.enenim.scaffold.dto.response.PageResponse<com.enenim.scaffold.model.dao.Staff>> com.enenim.scaffold.controller.StaffController.getStaff()
2018-11-30 21:36:14 INFO [restartedMain] o.s.w.s.m.m.a.RequestMappingHandlerMapping
                [AbstractHandlerMethodMapping.java:549] Mapped "{[/user/staff/{id}],methods=[GET],produces=[application/json]}" onto public com.enenim.scaffold.dto.response.Response<com.enenim.scaffold.dto.response.ModelResponse<com.enenim.scaffold.model.dao.Staff>> com.enenim.scaffold.controller.StaffController.getStaff(java.lang.Long)
2018-11-30 21:36:14 INFO [restartedMain] o.s.w.s.m.m.a.RequestMappingHandlerMapping
                [AbstractHandlerMethodMapping.java:549] Mapped "{[/user/staff/{id}/lookup],methods=[GET],produces=[application/json]}" onto public com.enenim.scaffold.dto.response.Response<com.enenim.scaffold.dto.response.ModelResponse<com.enenim.scaffold.model.dao.Staff>> com.enenim.scaffold.controller.StaffController.lookupStaff(java.lang.Long)
2018-11-30 21:36:14 INFO [restartedMain] o.s.w.s.m.m.a.RequestMappingHandlerMapping
                [AbstractHandlerMethodMapping.java:549] Mapped "{[/user/staff/{id}/toggle],methods=[PUT],consumes=[application/json],produces=[application/json]}" onto public com.enenim.scaffold.dto.response.Response<com.enenim.scaffold.model.dao.Staff> com.enenim.scaffold.controller.StaffController.toggleStaff(java.lang.Long)
2018-11-30 21:36:14 INFO [restartedMain] o.s.w.s.m.m.a.RequestMappingHandlerMapping
                [AbstractHandlerMethodMapping.java:549] Mapped "{[/administration/tasks/{id}],methods=[GET],produces=[application/json]}" onto public com.enenim.scaffold.dto.response.Response<com.enenim.scaffold.dto.response.ModelResponse<com.enenim.scaffold.model.dao.Task>> com.enenim.scaffold.controller.TaskController.getTask(java.lang.Long)
2018-11-30 21:36:14 INFO [restartedMain] o.s.w.s.m.m.a.RequestMappingHandlerMapping
                [AbstractHandlerMethodMapping.java:549] Mapped "{[/administration/tasks],methods=[GET],produces=[application/json]}" onto public com.enenim.scaffold.dto.response.Response<com.enenim.scaffold.dto.response.PageResponse<com.enenim.scaffold.model.dao.Task>> com.enenim.scaffold.controller.TaskController.getTasks()
2018-11-30 21:36:14 INFO [restartedMain] o.s.w.s.m.m.a.RequestMappingHandlerMapping
                [AbstractHandlerMethodMapping.java:549] Mapped "{[/administration/tasks/sync],methods=[PUT],consumes=[application/json],produces=[application/json]}" onto public com.enenim.scaffold.dto.response.Response<com.enenim.scaffold.dto.response.BooleanResponse> com.enenim.scaffold.controller.TaskController.syncTasks()
2018-11-30 21:36:14 INFO [restartedMain] o.s.w.s.m.m.a.RequestMappingHandlerMapping
                [AbstractHandlerMethodMapping.java:549] Mapped "{[/administration/tasks/{id}],methods=[PUT],consumes=[application/json],produces=[application/json]}" onto public com.enenim.scaffold.dto.response.Response<com.enenim.scaffold.dto.response.ModelResponse<com.enenim.scaffold.model.dao.Task>> com.enenim.scaffold.controller.TaskController.updateTask(java.lang.Long,com.enenim.scaffold.dto.request.Request<com.enenim.scaffold.dto.request.TaskRequest>)
2018-11-30 21:36:14 INFO [restartedMain] o.s.w.s.m.m.a.RequestMappingHandlerMapping
                [AbstractHandlerMethodMapping.java:549] Mapped "{[/test/password],methods=[GET],produces=[application/json]}" onto public void com.enenim.scaffold.controller.TestController.generatePassword() throws java.lang.ClassNotFoundException
2018-11-30 21:36:14 INFO [restartedMain] o.s.w.s.m.m.a.RequestMappingHandlerMapping
                [AbstractHandlerMethodMapping.java:549] Mapped "{[/test/queue],methods=[GET],produces=[application/json]}" onto public void com.enenim.scaffold.controller.TestController.getSubscribedEvents() throws java.lang.ClassNotFoundException
2018-11-30 21:36:14 INFO [restartedMain] o.s.w.s.m.m.a.RequestMappingHandlerMapping
                [AbstractHandlerMethodMapping.java:549] Mapped "{[/user/accounts/authenticate],methods=[POST],consumes=[application/json],produces=[application/json]}" onto public com.enenim.scaffold.dto.response.Response<com.enenim.scaffold.dto.response.StringResponse> com.enenim.scaffold.controller.UserAccountController.accountAuth(com.enenim.scaffold.dto.request.Request<com.enenim.scaffold.dto.request.LoginRequest>)
2018-11-30 21:36:14 INFO [restartedMain] o.s.w.s.m.m.a.RequestMappingHandlerMapping
                [AbstractHandlerMethodMapping.java:549] Mapped "{[/error]}" onto public org.springframework.http.ResponseEntity<java.util.Map<java.lang.String, java.lang.Object>> org.springframework.boot.autoconfigure.web.servlet.error.BasicErrorController.error(javax.servlet.http.HttpServletRequest)
2018-11-30 21:36:14 INFO [restartedMain] o.s.w.s.m.m.a.RequestMappingHandlerMapping
                [AbstractHandlerMethodMapping.java:549] Mapped "{[/error],produces=[text/html]}" onto public org.springframework.web.servlet.ModelAndView org.springframework.boot.autoconfigure.web.servlet.error.BasicErrorController.errorHtml(javax.servlet.http.HttpServletRequest,javax.servlet.http.HttpServletResponse)
2018-11-30 21:36:14 INFO [restartedMain] o.s.b.a.s.s.UserDetailsServiceAutoConfiguration
                [UserDetailsServiceAutoConfiguration.java:86] 

Using generated security password: c871b9bc-f5b0-42fb-8b0d-cf5ce8bc5c4c

2018-11-30 21:36:14 INFO [restartedMain] o.s.s.w.DefaultSecurityFilterChain
                [DefaultSecurityFilterChain.java:43] Creating filter chain: Ant [pattern='/**', OPTIONS], []
2018-11-30 21:36:15 INFO [restartedMain] o.s.s.w.DefaultSecurityFilterChain
                [DefaultSecurityFilterChain.java:43] Creating filter chain: org.springframework.security.web.util.matcher.AnyRequestMatcher@1, [org.springframework.security.web.context.request.async.WebAsyncManagerIntegrationFilter@1f3a2ac6, org.springframework.security.web.context.SecurityContextPersistenceFilter@64096ca0, org.springframework.security.web.header.HeaderWriterFilter@1f37295a, org.springframework.security.web.authentication.logout.LogoutFilter@1a55fd5a, org.springframework.security.web.savedrequest.RequestCacheAwareFilter@16a4d1e8, org.springframework.security.web.servletapi.SecurityContextHolderAwareRequestFilter@72101f32, org.springframework.security.web.authentication.AnonymousAuthenticationFilter@3adc5375, org.springframework.security.web.session.SessionManagementFilter@55572e4a, org.springframework.security.web.access.ExceptionTranslationFilter@7d02abc5, org.springframework.security.web.access.intercept.FilterSecurityInterceptor@4024e362]
2018-11-30 21:36:15 INFO [restartedMain] o.s.s.c.ThreadPoolTaskExecutor
                [ExecutorConfigurationSupport.java:171] Initializing ExecutorService 
2018-11-30 21:36:15 INFO [restartedMain] o.s.s.c.ThreadPoolTaskExecutor
                [ExecutorConfigurationSupport.java:171] Initializing ExecutorService  'taskExecutor'
2018-11-30 21:36:15 INFO [restartedMain] o.s.w.s.h.SimpleUrlHandlerMapping
                [AbstractUrlHandlerMapping.java:373] Mapped URL path [/**/favicon.ico] onto handler of type [class org.springframework.web.servlet.resource.ResourceHttpRequestHandler]
2018-11-30 21:36:15 INFO [restartedMain] o.s.w.s.m.m.a.RequestMappingHandlerAdapter
                [RequestMappingHandlerAdapter.java:588] Looking for @ControllerAdvice: org.springframework.boot.web.servlet.context.AnnotationConfigServletWebServerApplicationContext@46218a65: startup date [Fri Nov 30 21:36:05 WAT 2018]; root of context hierarchy
2018-11-30 21:36:15 INFO [restartedMain] o.s.w.s.h.SimpleUrlHandlerMapping
                [AbstractUrlHandlerMapping.java:373] Mapped URL path [/webjars/**] onto handler of type [class org.springframework.web.servlet.resource.ResourceHttpRequestHandler]
2018-11-30 21:36:15 INFO [restartedMain] o.s.w.s.h.SimpleUrlHandlerMapping
                [AbstractUrlHandlerMapping.java:373] Mapped URL path [/**] onto handler of type [class org.springframework.web.servlet.resource.ResourceHttpRequestHandler]
2018-11-30 21:36:15 INFO [restartedMain] o.s.w.s.h.SimpleUrlHandlerMapping
                [AbstractUrlHandlerMapping.java:373] Mapped URL path [/assets/**] onto handler of type [class org.springframework.web.servlet.resource.ResourceHttpRequestHandler]
2018-11-30 21:36:15 INFO [restartedMain] o.s.w.s.m.m.a.ExceptionHandlerExceptionResolver
                [ExceptionHandlerExceptionResolver.java:288] Detected @ExceptionHandler methods in exceptionHandlingController
2018-11-30 21:36:15 INFO [restartedMain] o.s.b.a.w.s.WelcomePageHandlerMapping
                [WelcomePageHandlerMapping.java:61] Adding welcome page template: index
2018-11-30 21:36:16 INFO [restartedMain] o.s.b.a.e.w.EndpointLinksResolver
                [EndpointLinksResolver.java:59] Exposing 2 endpoint(s) beneath base path '/actuator'
2018-11-30 21:36:16 INFO [restartedMain] o.s.b.a.e.w.s.WebMvcEndpointHandlerMapping
                [AbstractHandlerMethodMapping.java:549] Mapped "{[/actuator/health],methods=[GET],produces=[application/vnd.spring-boot.actuator.v2+json || application/json]}" onto public java.lang.Object org.springframework.boot.actuate.endpoint.web.servlet.AbstractWebMvcEndpointHandlerMapping$OperationHandler.handle(javax.servlet.http.HttpServletRequest,java.util.Map<java.lang.String, java.lang.String>)
2018-11-30 21:36:16 INFO [restartedMain] o.s.b.a.e.w.s.WebMvcEndpointHandlerMapping
                [AbstractHandlerMethodMapping.java:549] Mapped "{[/actuator/info],methods=[GET],produces=[application/vnd.spring-boot.actuator.v2+json || application/json]}" onto public java.lang.Object org.springframework.boot.actuate.endpoint.web.servlet.AbstractWebMvcEndpointHandlerMapping$OperationHandler.handle(javax.servlet.http.HttpServletRequest,java.util.Map<java.lang.String, java.lang.String>)
2018-11-30 21:36:16 INFO [restartedMain] o.s.b.a.e.w.s.WebMvcEndpointHandlerMapping
                [AbstractHandlerMethodMapping.java:549] Mapped "{[/actuator],methods=[GET],produces=[application/vnd.spring-boot.actuator.v2+json || application/json]}" onto protected java.util.Map<java.lang.String, java.util.Map<java.lang.String, org.springframework.boot.actuate.endpoint.web.Link>> org.springframework.boot.actuate.endpoint.web.servlet.WebMvcEndpointHandlerMapping.links(javax.servlet.http.HttpServletRequest,javax.servlet.http.HttpServletResponse)
2018-11-30 21:36:16 INFO [restartedMain] o.s.b.d.a.OptionalLiveReloadServer
                [OptionalLiveReloadServer.java:57] LiveReload server is running on port 35729
2018-11-30 21:36:16 INFO [restartedMain] o.s.j.e.a.AnnotationMBeanExporter
                [MBeanExporter.java:433] Registering beans for JMX exposure on startup
2018-11-30 21:36:16 INFO [restartedMain] o.s.j.e.a.AnnotationMBeanExporter
                [MBeanExporter.java:895] Bean with name 'dataSource' has been autodetected for JMX exposure
2018-11-30 21:36:16 INFO [restartedMain] o.s.j.e.a.AnnotationMBeanExporter
                [MBeanExporter.java:668] Located MBean 'dataSource': registering with JMX server as MBean [com.zaxxer.hikari:name=dataSource,type=HikariDataSource]
2018-11-30 21:36:16 INFO [restartedMain] o.s.c.s.DefaultLifecycleProcessor
                [DefaultLifecycleProcessor.java:356] Starting beans in phase 2147483647
2018-11-30 21:36:16 INFO [restartedMain] o.s.s.a.ScheduledAnnotationBeanPostProcessor
                [ScheduledAnnotationBeanPostProcessor.java:276] No TaskScheduler/ScheduledExecutorService bean found for scheduled processing
2018-11-30 21:36:16 INFO [restartedMain] o.a.c.h.Http11NioProtocol
                [DirectJDKLog.java:180] Starting ProtocolHandler ["http-nio-8080"]
2018-11-30 21:36:16 INFO [restartedMain] o.a.t.u.n.NioSelectorPool
                [DirectJDKLog.java:180] Using a shared selector for servlet write/read
2018-11-30 21:36:16 INFO [restartedMain] o.s.b.w.e.t.TomcatWebServer
                [TomcatWebServer.java:206] Tomcat started on port(s): 8080 (http) with context path ''
2018-11-30 21:36:16 INFO [restartedMain] c.e.s.ScaffoldApplication
                [StartupInfoLogger.java:59] Started ScaffoldApplication in 12.119 seconds (JVM running for 13.015)
2018-11-30 21:37:28 INFO [http-nio-8080-exec-2] o.a.c.c.C.[.[.[/]
                [DirectJDKLog.java:180] Initializing Spring FrameworkServlet 'dispatcherServlet'
2018-11-30 21:37:28 INFO [http-nio-8080-exec-2] o.s.w.s.DispatcherServlet
                [FrameworkServlet.java:494] FrameworkServlet 'dispatcherServlet': initialization started
2018-11-30 21:37:28 INFO [http-nio-8080-exec-2] o.s.w.s.DispatcherServlet
                [FrameworkServlet.java:509] FrameworkServlet 'dispatcherServlet': initialization completed in 19 ms
2018-11-30 21:37:28 ERROR [Asynchronous Process-1] o.s.a.i.SimpleAsyncUncaughtExceptionHandler
                [SimpleAsyncUncaughtExceptionHandler.java:38] Unexpected error occurred invoking async method: public void com.enenim.scaffold.service.dao.TrackerService.saveTracker(com.enenim.scaffold.model.dao.Tracker)
java.lang.NullPointerException: null
	at com.enenim.scaffold.util.RequestUtil.getRequest(RequestUtil.java:21)
	at com.enenim.scaffold.util.RequestUtil.getLang(RequestUtil.java:202)
	at com.enenim.scaffold.util.message.EntityMessage.msg(EntityMessage.java:9)
	at com.enenim.scaffold.interceptor.AuditAdvice.interceptCreate(AuditAdvice.java:161)
	at sun.reflect.NativeMethodAccessorImpl.invoke0(Native Method)
	at sun.reflect.NativeMethodAccessorImpl.invoke(NativeMethodAccessorImpl.java:62)
	at sun.reflect.DelegatingMethodAccessorImpl.invoke(DelegatingMethodAccessorImpl.java:43)
	at java.lang.reflect.Method.invoke(Method.java:498)
	at org.springframework.aop.aspectj.AbstractAspectJAdvice.invokeAdviceMethodWithGivenArgs(AbstractAspectJAdvice.java:644)
	at org.springframework.aop.aspectj.AbstractAspectJAdvice.invokeAdviceMethod(AbstractAspectJAdvice.java:633)
	at org.springframework.aop.aspectj.AspectJAroundAdvice.invoke(AspectJAroundAdvice.java:70)
	at org.springframework.aop.framework.ReflectiveMethodInvocation.proceed(ReflectiveMethodInvocation.java:174)
	at org.springframework.aop.interceptor.ExposeInvocationInterceptor.invoke(ExposeInvocationInterceptor.java:92)
	at org.springframework.aop.framework.ReflectiveMethodInvocation.proceed(ReflectiveMethodInvocation.java:185)
	at org.springframework.aop.framework.JdkDynamicAopProxy.invoke(JdkDynamicAopProxy.java:212)
	at com.sun.proxy.$Proxy144.persist(Unknown Source)
	at org.springframework.data.jpa.repository.support.SimpleJpaRepository.save(SimpleJpaRepository.java:490)
	at sun.reflect.NativeMethodAccessorImpl.invoke0(Native Method)
	at sun.reflect.NativeMethodAccessorImpl.invoke(NativeMethodAccessorImpl.java:62)
	at sun.reflect.DelegatingMethodAccessorImpl.invoke(DelegatingMethodAccessorImpl.java:43)
	at java.lang.reflect.Method.invoke(Method.java:498)
	at org.springframework.data.repository.core.support.RepositoryComposition$RepositoryFragments.invoke(RepositoryComposition.java:377)
	at org.springframework.data.repository.core.support.RepositoryComposition.invoke(RepositoryComposition.java:200)
	at org.springframework.data.repository.core.support.RepositoryFactorySupport$ImplementationMethodExecutionInterceptor.invoke(RepositoryFactorySupport.java:641)
	at org.springframework.aop.framework.ReflectiveMethodInvocation.proceed(ReflectiveMethodInvocation.java:185)
	at org.springframework.data.repository.core.support.RepositoryFactorySupport$QueryExecutorMethodInterceptor.doInvoke(RepositoryFactorySupport.java:605)
	at org.springframework.data.repository.core.support.RepositoryFactorySupport$QueryExecutorMethodInterceptor.invoke(RepositoryFactorySupport.java:590)
	at org.springframework.aop.framework.ReflectiveMethodInvocation.proceed(ReflectiveMethodInvocation.java:185)
	at org.springframework.data.projection.DefaultMethodInvokingMethodInterceptor.invoke(DefaultMethodInvokingMethodInterceptor.java:59)
	at org.springframework.aop.framework.ReflectiveMethodInvocation.proceed(ReflectiveMethodInvocation.java:185)
	at org.springframework.transaction.interceptor.TransactionAspectSupport.invokeWithinTransaction(TransactionAspectSupport.java:294)
	at org.springframework.transaction.interceptor.TransactionInterceptor.invoke(TransactionInterceptor.java:98)
	at org.springframework.aop.framework.ReflectiveMethodInvocation.proceed(ReflectiveMethodInvocation.java:185)
	at org.springframework.dao.support.PersistenceExceptionTranslationInterceptor.invoke(PersistenceExceptionTranslationInterceptor.java:139)
	at org.springframework.aop.framework.ReflectiveMethodInvocation.proceed(ReflectiveMethodInvocation.java:185)
	at org.springframework.data.jpa.repository.support.CrudMethodMetadataPostProcessor$CrudMethodMetadataPopulatingMethodInterceptor.invoke(CrudMethodMetadataPostProcessor.java:135)
	at org.springframework.aop.framework.ReflectiveMethodInvocation.proceed(ReflectiveMethodInvocation.java:185)
	at org.springframework.aop.interceptor.ExposeInvocationInterceptor.invoke(ExposeInvocationInterceptor.java:92)
	at org.springframework.aop.framework.ReflectiveMethodInvocation.proceed(ReflectiveMethodInvocation.java:185)
	at org.springframework.data.repository.core.support.SurroundingTransactionDetectorMethodInterceptor.invoke(SurroundingTransactionDetectorMethodInterceptor.java:61)
	at org.springframework.aop.framework.ReflectiveMethodInvocation.proceed(ReflectiveMethodInvocation.java:185)
	at org.springframework.aop.framework.JdkDynamicAopProxy.invoke(JdkDynamicAopProxy.java:212)
	at com.sun.proxy.$Proxy172.save(Unknown Source)
	at com.enenim.scaffold.service.dao.TrackerService.saveTracker(TrackerService.java:34)
	at com.enenim.scaffold.service.dao.TrackerService$$FastClassBySpringCGLIB$$a40c77f.invoke(<generated>)
	at org.springframework.cglib.proxy.MethodProxy.invoke(MethodProxy.java:204)
	at org.springframework.aop.framework.CglibAopProxy$CglibMethodInvocation.invokeJoinpoint(CglibAopProxy.java:746)
	at org.springframework.aop.framework.ReflectiveMethodInvocation.proceed(ReflectiveMethodInvocation.java:163)
	at org.springframework.transaction.interceptor.TransactionAspectSupport.invokeWithinTransaction(TransactionAspectSupport.java:294)
	at org.springframework.transaction.interceptor.TransactionInterceptor.invoke(TransactionInterceptor.java:98)
	at org.springframework.aop.framework.ReflectiveMethodInvocation.proceed(ReflectiveMethodInvocation.java:185)
	at org.springframework.aop.interceptor.AsyncExecutionInterceptor.lambda$invoke$0(AsyncExecutionInterceptor.java:115)
	at java.util.concurrent.FutureTask.run(FutureTask.java:266)
	at java.util.concurrent.ThreadPoolExecutor.runWorker(ThreadPoolExecutor.java:1149)
	at java.util.concurrent.ThreadPoolExecutor$Worker.run(ThreadPoolExecutor.java:624)
	at java.lang.Thread.run(Thread.java:748)
