2018-10-06 22:29:03 INFO [restartedMain] c.e.s.ScaffoldApplication
                [StartupInfoLogger.java:50] Starting ScaffoldApplication on DESKTOP-PPDBD7C with PID 12296 (C:\Users\Admin\IdeaProjects\scaffold\target\classes started by Admin in C:\Users\Admin\IdeaProjects\scaffold)
2018-10-06 22:29:03 DEBUG [restartedMain] c.e.s.ScaffoldApplication
                [StartupInfoLogger.java:53] Running with Spring Boot v2.0.5.RELEASE, Spring v5.0.9.RELEASE
2018-10-06 22:29:03 INFO [restartedMain] c.e.s.ScaffoldApplication
                [SpringApplication.java:684] The following profiles are active: dev
2018-10-06 22:29:03 INFO [restartedMain] o.s.b.w.s.c.AnnotationConfigServletWebServerApplicationContext
                [AbstractApplicationContext.java:590] Refreshing org.springframework.boot.web.servlet.context.AnnotationConfigServletWebServerApplicationContext@3abc0959: startup date [Sat Oct 06 22:29:03 WAT 2018]; root of context hierarchy
2018-10-06 22:29:05 INFO [restartedMain] o.s.d.r.c.RepositoryConfigurationDelegate
                [RepositoryConfigurationDelegate.java:172] Multiple Spring Data modules found, entering strict repository configuration mode!
2018-10-06 22:29:06 INFO [restartedMain] o.s.d.r.c.RepositoryConfigurationDelegate
                [RepositoryConfigurationDelegate.java:172] Multiple Spring Data modules found, entering strict repository configuration mode!
2018-10-06 22:29:06 INFO [restartedMain] o.s.d.r.c.RepositoryConfigurationExtensionSupport
                [RepositoryConfigurationExtensionSupport.java:291] Spring Data Redis - Could not safely identify store assignment for repository candidate interface com.enenim.scaffold.repository.dao.LoginRepository.
2018-10-06 22:29:06 INFO [restartedMain] o.s.d.r.c.RepositoryConfigurationExtensionSupport
                [RepositoryConfigurationExtensionSupport.java:291] Spring Data Redis - Could not safely identify store assignment for repository candidate interface com.enenim.scaffold.repository.dao.SettingRepository.
2018-10-06 22:29:06 INFO [restartedMain] o.s.c.s.PostProcessorRegistrationDelegate$BeanPostProcessorChecker
                [PostProcessorRegistrationDelegate.java:326] Bean 'org.springframework.ws.config.annotation.DelegatingWsConfiguration' of type [org.springframework.ws.config.annotation.DelegatingWsConfiguration$$EnhancerBySpringCGLIB$$48ad2171] is not eligible for getting processed by all BeanPostProcessors (for example: not eligible for auto-proxying)
2018-10-06 22:29:06 INFO [restartedMain] o.s.w.s.a.s.AnnotationActionEndpointMapping
                [AbstractAddressingEndpointMapping.java:236] Supporting [WS-Addressing August 2004, WS-Addressing 1.0]
2018-10-06 22:29:06 INFO [restartedMain] o.s.c.s.PostProcessorRegistrationDelegate$BeanPostProcessorChecker
                [PostProcessorRegistrationDelegate.java:326] Bean 'org.springframework.transaction.annotation.ProxyTransactionManagementConfiguration' of type [org.springframework.transaction.annotation.ProxyTransactionManagementConfiguration$$EnhancerBySpringCGLIB$$a4155c72] is not eligible for getting processed by all BeanPostProcessors (for example: not eligible for auto-proxying)
2018-10-06 22:29:07 INFO [restartedMain] o.s.b.w.e.t.TomcatWebServer
                [TomcatWebServer.java:91] Tomcat initialized with port(s): 8080 (http)
2018-10-06 22:29:07 INFO [restartedMain] o.a.c.h.Http11NioProtocol
                [DirectJDKLog.java:180] Initializing ProtocolHandler ["http-nio-8080"]
2018-10-06 22:29:07 INFO [restartedMain] o.a.c.c.StandardService
                [DirectJDKLog.java:180] Starting service [Tomcat]
2018-10-06 22:29:07 INFO [restartedMain] o.a.c.c.StandardEngine
                [DirectJDKLog.java:180] Starting Servlet Engine: Apache Tomcat/8.5.34
2018-10-06 22:29:07 INFO [localhost-startStop-1] o.a.c.c.AprLifecycleListener
                [DirectJDKLog.java:180] The APR based Apache Tomcat Native library which allows optimal performance in production environments was not found on the java.library.path: [C:\Program Files\Java\jdk1.8.0_144\bin;C:\WINDOWS\Sun\Java\bin;C:\WINDOWS\system32;C:\WINDOWS;C:\ProgramData\Oracle\Java\javapath;C:\WINDOWS\system32;C:\WINDOWS;C:\WINDOWS\System32\Wbem;C:\WINDOWS\System32\WindowsPowerShell\v1.0\;C:\Program Files\Git\cmd;C:\Program Files\Java\jdk1.8.0_144\bin;C:\apache-maven-3.5.0-bin\bin;C:\WINDOWS\System32\OpenSSH\;C:\Program Files\PuTTY\;C:\xampp\php;C:\ProgramData\ComposerSetup\bin;C:\Program Files\nodejs\;%M2_HOME%\bin;C:\Users\Admin\AppData\Local\Microsoft\WindowsApps;;C:\Program Files\Microsoft VS Code\bin;C:\Users\Admin\AppData\Roaming\Composer\vendor\bin;C:\Users\Admin\AppData\Roaming\npm;.]
2018-10-06 22:29:07 INFO [localhost-startStop-1] o.a.c.c.C.[.[.[/]
                [DirectJDKLog.java:180] Initializing Spring embedded WebApplicationContext
2018-10-06 22:29:07 INFO [localhost-startStop-1] o.s.w.c.ContextLoader
                [ServletWebServerApplicationContext.java:285] Root WebApplicationContext: initialization completed in 4166 ms
2018-10-06 22:29:08 INFO [localhost-startStop-1] o.s.b.w.s.FilterRegistrationBean
                [AbstractFilterRegistrationBean.java:245] Mapping filter: 'characterEncodingFilter' to: [/*]
2018-10-06 22:29:08 INFO [localhost-startStop-1] o.s.b.w.s.FilterRegistrationBean
                [AbstractFilterRegistrationBean.java:245] Mapping filter: 'webMvcMetricsFilter' to: [/*]
2018-10-06 22:29:08 INFO [localhost-startStop-1] o.s.b.w.s.FilterRegistrationBean
                [AbstractFilterRegistrationBean.java:245] Mapping filter: 'sessionRepositoryFilter' to: [/*]
2018-10-06 22:29:08 INFO [localhost-startStop-1] o.s.b.w.s.FilterRegistrationBean
                [AbstractFilterRegistrationBean.java:245] Mapping filter: 'hiddenHttpMethodFilter' to: [/*]
2018-10-06 22:29:08 INFO [localhost-startStop-1] o.s.b.w.s.FilterRegistrationBean
                [AbstractFilterRegistrationBean.java:245] Mapping filter: 'httpPutFormContentFilter' to: [/*]
2018-10-06 22:29:08 INFO [localhost-startStop-1] o.s.b.w.s.FilterRegistrationBean
                [AbstractFilterRegistrationBean.java:245] Mapping filter: 'requestContextFilter' to: [/*]
2018-10-06 22:29:08 INFO [localhost-startStop-1] o.s.b.w.s.DelegatingFilterProxyRegistrationBean
                [AbstractFilterRegistrationBean.java:245] Mapping filter: 'springSecurityFilterChain' to: [/*]
2018-10-06 22:29:08 INFO [localhost-startStop-1] o.s.b.w.s.FilterRegistrationBean
                [AbstractFilterRegistrationBean.java:245] Mapping filter: 'httpTraceFilter' to: [/*]
2018-10-06 22:29:08 INFO [localhost-startStop-1] o.s.b.w.s.ServletRegistrationBean
                [ServletRegistrationBean.java:187] Servlet dispatcherServlet mapped to [/]
2018-10-06 22:29:08 INFO [localhost-startStop-1] o.s.b.w.s.ServletRegistrationBean
                [ServletRegistrationBean.java:187] Servlet messageDispatcherServlet mapped to [/services/*]
2018-10-06 22:29:08 INFO [restartedMain] o.s.o.j.LocalContainerEntityManagerFactoryBean
                [LocalContainerEntityManagerFactoryBean.java:361] Building JPA container EntityManagerFactory for persistence unit 'default'
2018-10-06 22:29:08 INFO [restartedMain] o.h.j.i.u.LogHelper
                [LogHelper.java:31] HHH000204: Processing PersistenceUnitInfo [
	name: default
	...]
2018-10-06 22:29:08 INFO [restartedMain] o.h.Version
                [Version.java:45] HHH000412: Hibernate Core {5.2.17.Final}
2018-10-06 22:29:08 INFO [restartedMain] o.h.c.Environment
                [Environment.java:213] HHH000206: hibernate.properties not found
2018-10-06 22:29:08 INFO [restartedMain] o.h.a.c.Version
                [JavaReflectionManager.java:66] HCANN000001: Hibernate Commons Annotations {5.0.1.Final}
2018-10-06 22:29:09 INFO [restartedMain] c.z.h.HikariDataSource
                [HikariDataSource.java:110] HikariPool-1 - Starting...
2018-10-06 22:29:09 INFO [restartedMain] c.z.h.HikariDataSource
                [HikariDataSource.java:123] HikariPool-1 - Start completed.
2018-10-06 22:29:09 INFO [restartedMain] o.h.d.Dialect
                [Dialect.java:157] HHH000400: Using dialect: org.hibernate.dialect.MySQL5InnoDBDialect
2018-10-06 22:29:09 WARN [restartedMain] o.s.b.w.s.c.AnnotationConfigServletWebServerApplicationContext
                [AbstractApplicationContext.java:558] Exception encountered during context initialization - cancelling refresh attempt: org.springframework.beans.factory.BeanCreationException: Error creating bean with name 'entityManagerFactory' defined in class path resource [org/springframework/boot/autoconfigure/orm/jpa/HibernateJpaConfiguration.class]: Invocation of init method failed; nested exception is org.hibernate.AnnotationException: mappedBy reference an unknown target entity property: com.enenim.scaffold.model.dao.Transaction.item in com.enenim.scaffold.model.dao.Item.transactions
2018-10-06 22:29:09 INFO [restartedMain] c.z.h.HikariDataSource
                [HikariDataSource.java:381] HikariPool-1 - Shutdown initiated...
2018-10-06 22:29:09 INFO [restartedMain] c.z.h.HikariDataSource
                [HikariDataSource.java:383] HikariPool-1 - Shutdown completed.
2018-10-06 22:29:09 INFO [restartedMain] o.a.c.c.StandardService
                [DirectJDKLog.java:180] Stopping service [Tomcat]
2018-10-06 22:29:09 INFO [restartedMain] o.s.b.a.l.ConditionEvaluationReportLoggingListener
                [ConditionEvaluationReportLoggingListener.java:101] 

Error starting ApplicationContext. To display the conditions report re-run your application with 'debug' enabled.
2018-10-06 22:29:09 ERROR [restartedMain] o.s.b.SpringApplication
                [SpringApplication.java:863] Application run failed
org.springframework.beans.factory.BeanCreationException: Error creating bean with name 'entityManagerFactory' defined in class path resource [org/springframework/boot/autoconfigure/orm/jpa/HibernateJpaConfiguration.class]: Invocation of init method failed; nested exception is org.hibernate.AnnotationException: mappedBy reference an unknown target entity property: com.enenim.scaffold.model.dao.Transaction.item in com.enenim.scaffold.model.dao.Item.transactions
	at org.springframework.beans.factory.support.AbstractAutowireCapableBeanFactory.initializeBean(AbstractAutowireCapableBeanFactory.java:1699)
	at org.springframework.beans.factory.support.AbstractAutowireCapableBeanFactory.doCreateBean(AbstractAutowireCapableBeanFactory.java:573)
	at org.springframework.beans.factory.support.AbstractAutowireCapableBeanFactory.createBean(AbstractAutowireCapableBeanFactory.java:495)
	at org.springframework.beans.factory.support.AbstractBeanFactory.lambda$doGetBean$0(AbstractBeanFactory.java:317)
	at org.springframework.beans.factory.support.DefaultSingletonBeanRegistry.getSingleton(DefaultSingletonBeanRegistry.java:222)
	at org.springframework.beans.factory.support.AbstractBeanFactory.doGetBean(AbstractBeanFactory.java:315)
	at org.springframework.beans.factory.support.AbstractBeanFactory.getBean(AbstractBeanFactory.java:199)
	at org.springframework.context.support.AbstractApplicationContext.getBean(AbstractApplicationContext.java:1089)
	at org.springframework.context.support.AbstractApplicationContext.finishBeanFactoryInitialization(AbstractApplicationContext.java:859)
	at org.springframework.context.support.AbstractApplicationContext.refresh(AbstractApplicationContext.java:550)
	at org.springframework.boot.web.servlet.context.ServletWebServerApplicationContext.refresh(ServletWebServerApplicationContext.java:140)
	at org.springframework.boot.SpringApplication.refresh(SpringApplication.java:780)
	at org.springframework.boot.SpringApplication.refreshContext(SpringApplication.java:412)
	at org.springframework.boot.SpringApplication.run(SpringApplication.java:333)
	at org.springframework.boot.SpringApplication.run(SpringApplication.java:1277)
	at org.springframework.boot.SpringApplication.run(SpringApplication.java:1265)
	at com.enenim.scaffold.ScaffoldApplication.main(ScaffoldApplication.java:12)
	at sun.reflect.NativeMethodAccessorImpl.invoke0(Native Method)
	at sun.reflect.NativeMethodAccessorImpl.invoke(NativeMethodAccessorImpl.java:62)
	at sun.reflect.DelegatingMethodAccessorImpl.invoke(DelegatingMethodAccessorImpl.java:43)
	at java.lang.reflect.Method.invoke(Method.java:498)
	at org.springframework.boot.devtools.restart.RestartLauncher.run(RestartLauncher.java:49)
Caused by: org.hibernate.AnnotationException: mappedBy reference an unknown target entity property: com.enenim.scaffold.model.dao.Transaction.item in com.enenim.scaffold.model.dao.Item.transactions
	at org.hibernate.cfg.annotations.CollectionBinder.bindStarToManySecondPass(CollectionBinder.java:785)
	at org.hibernate.cfg.annotations.CollectionBinder$1.secondPass(CollectionBinder.java:735)
	at org.hibernate.cfg.CollectionSecondPass.doSecondPass(CollectionSecondPass.java:54)
	at org.hibernate.boot.internal.InFlightMetadataCollectorImpl.processSecondPasses(InFlightMetadataCollectorImpl.java:1640)
	at org.hibernate.boot.internal.InFlightMetadataCollectorImpl.processSecondPasses(InFlightMetadataCollectorImpl.java:1608)
	at org.hibernate.boot.model.process.spi.MetadataBuildingProcess.complete(MetadataBuildingProcess.java:278)
	at org.hibernate.jpa.boot.internal.EntityManagerFactoryBuilderImpl.metadata(EntityManagerFactoryBuilderImpl.java:861)
	at org.hibernate.jpa.boot.internal.EntityManagerFactoryBuilderImpl.build(EntityManagerFactoryBuilderImpl.java:888)
	at org.springframework.orm.jpa.vendor.SpringHibernateJpaPersistenceProvider.createContainerEntityManagerFactory(SpringHibernateJpaPersistenceProvider.java:57)
	at org.springframework.orm.jpa.LocalContainerEntityManagerFactoryBean.createNativeEntityManagerFactory(LocalContainerEntityManagerFactoryBean.java:365)
	at org.springframework.orm.jpa.AbstractEntityManagerFactoryBean.buildNativeEntityManagerFactory(AbstractEntityManagerFactoryBean.java:390)
	at org.springframework.orm.jpa.AbstractEntityManagerFactoryBean.afterPropertiesSet(AbstractEntityManagerFactoryBean.java:377)
	at org.springframework.orm.jpa.LocalContainerEntityManagerFactoryBean.afterPropertiesSet(LocalContainerEntityManagerFactoryBean.java:341)
	at org.springframework.beans.factory.support.AbstractAutowireCapableBeanFactory.invokeInitMethods(AbstractAutowireCapableBeanFactory.java:1758)
	at org.springframework.beans.factory.support.AbstractAutowireCapableBeanFactory.initializeBean(AbstractAutowireCapableBeanFactory.java:1695)
	... 21 common frames omitted
2018-10-06 22:44:14 INFO [restartedMain] c.e.s.ScaffoldApplication
                [StartupInfoLogger.java:50] Starting ScaffoldApplication on DESKTOP-PPDBD7C with PID 8292 (C:\Users\Admin\IdeaProjects\scaffold\target\classes started by Admin in C:\Users\Admin\IdeaProjects\scaffold)
2018-10-06 22:44:14 DEBUG [restartedMain] c.e.s.ScaffoldApplication
                [StartupInfoLogger.java:53] Running with Spring Boot v2.0.5.RELEASE, Spring v5.0.9.RELEASE
2018-10-06 22:44:14 INFO [restartedMain] c.e.s.ScaffoldApplication
                [SpringApplication.java:684] The following profiles are active: dev
2018-10-06 22:44:14 INFO [restartedMain] o.s.b.w.s.c.AnnotationConfigServletWebServerApplicationContext
                [AbstractApplicationContext.java:590] Refreshing org.springframework.boot.web.servlet.context.AnnotationConfigServletWebServerApplicationContext@3560bb8a: startup date [Sat Oct 06 22:44:14 WAT 2018]; root of context hierarchy
2018-10-06 22:44:15 INFO [restartedMain] o.s.d.r.c.RepositoryConfigurationDelegate
                [RepositoryConfigurationDelegate.java:172] Multiple Spring Data modules found, entering strict repository configuration mode!
2018-10-06 22:44:16 INFO [restartedMain] o.s.d.r.c.RepositoryConfigurationDelegate
                [RepositoryConfigurationDelegate.java:172] Multiple Spring Data modules found, entering strict repository configuration mode!
2018-10-06 22:44:16 INFO [restartedMain] o.s.d.r.c.RepositoryConfigurationExtensionSupport
                [RepositoryConfigurationExtensionSupport.java:291] Spring Data Redis - Could not safely identify store assignment for repository candidate interface com.enenim.scaffold.repository.dao.LoginRepository.
2018-10-06 22:44:16 INFO [restartedMain] o.s.d.r.c.RepositoryConfigurationExtensionSupport
                [RepositoryConfigurationExtensionSupport.java:291] Spring Data Redis - Could not safely identify store assignment for repository candidate interface com.enenim.scaffold.repository.dao.SettingRepository.
2018-10-06 22:44:16 INFO [restartedMain] o.s.c.s.PostProcessorRegistrationDelegate$BeanPostProcessorChecker
                [PostProcessorRegistrationDelegate.java:326] Bean 'org.springframework.ws.config.annotation.DelegatingWsConfiguration' of type [org.springframework.ws.config.annotation.DelegatingWsConfiguration$$EnhancerBySpringCGLIB$$a6c6ace3] is not eligible for getting processed by all BeanPostProcessors (for example: not eligible for auto-proxying)
2018-10-06 22:44:16 INFO [restartedMain] o.s.w.s.a.s.AnnotationActionEndpointMapping
                [AbstractAddressingEndpointMapping.java:236] Supporting [WS-Addressing August 2004, WS-Addressing 1.0]
2018-10-06 22:44:17 INFO [restartedMain] o.s.c.s.PostProcessorRegistrationDelegate$BeanPostProcessorChecker
                [PostProcessorRegistrationDelegate.java:326] Bean 'org.springframework.transaction.annotation.ProxyTransactionManagementConfiguration' of type [org.springframework.transaction.annotation.ProxyTransactionManagementConfiguration$$EnhancerBySpringCGLIB$$22ee7e4] is not eligible for getting processed by all BeanPostProcessors (for example: not eligible for auto-proxying)
2018-10-06 22:44:17 INFO [restartedMain] o.s.b.w.e.t.TomcatWebServer
                [TomcatWebServer.java:91] Tomcat initialized with port(s): 8080 (http)
2018-10-06 22:44:17 INFO [restartedMain] o.a.c.h.Http11NioProtocol
                [DirectJDKLog.java:180] Initializing ProtocolHandler ["http-nio-8080"]
2018-10-06 22:44:17 INFO [restartedMain] o.a.c.c.StandardService
                [DirectJDKLog.java:180] Starting service [Tomcat]
2018-10-06 22:44:17 INFO [restartedMain] o.a.c.c.StandardEngine
                [DirectJDKLog.java:180] Starting Servlet Engine: Apache Tomcat/8.5.34
2018-10-06 22:44:17 INFO [localhost-startStop-1] o.a.c.c.AprLifecycleListener
                [DirectJDKLog.java:180] The APR based Apache Tomcat Native library which allows optimal performance in production environments was not found on the java.library.path: [C:\Program Files\Java\jdk1.8.0_144\bin;C:\WINDOWS\Sun\Java\bin;C:\WINDOWS\system32;C:\WINDOWS;C:\ProgramData\Oracle\Java\javapath;C:\WINDOWS\system32;C:\WINDOWS;C:\WINDOWS\System32\Wbem;C:\WINDOWS\System32\WindowsPowerShell\v1.0\;C:\Program Files\Git\cmd;C:\Program Files\Java\jdk1.8.0_144\bin;C:\apache-maven-3.5.0-bin\bin;C:\WINDOWS\System32\OpenSSH\;C:\Program Files\PuTTY\;C:\xampp\php;C:\ProgramData\ComposerSetup\bin;C:\Program Files\nodejs\;%M2_HOME%\bin;C:\Users\Admin\AppData\Local\Microsoft\WindowsApps;;C:\Program Files\Microsoft VS Code\bin;C:\Users\Admin\AppData\Roaming\Composer\vendor\bin;C:\Users\Admin\AppData\Roaming\npm;.]
2018-10-06 22:44:17 INFO [localhost-startStop-1] o.a.c.c.C.[.[.[/]
                [DirectJDKLog.java:180] Initializing Spring embedded WebApplicationContext
2018-10-06 22:44:17 INFO [localhost-startStop-1] o.s.w.c.ContextLoader
                [ServletWebServerApplicationContext.java:285] Root WebApplicationContext: initialization completed in 3568 ms
2018-10-06 22:44:18 INFO [localhost-startStop-1] o.s.b.w.s.FilterRegistrationBean
                [AbstractFilterRegistrationBean.java:245] Mapping filter: 'characterEncodingFilter' to: [/*]
2018-10-06 22:44:18 INFO [localhost-startStop-1] o.s.b.w.s.FilterRegistrationBean
                [AbstractFilterRegistrationBean.java:245] Mapping filter: 'webMvcMetricsFilter' to: [/*]
2018-10-06 22:44:18 INFO [localhost-startStop-1] o.s.b.w.s.FilterRegistrationBean
                [AbstractFilterRegistrationBean.java:245] Mapping filter: 'sessionRepositoryFilter' to: [/*]
2018-10-06 22:44:18 INFO [localhost-startStop-1] o.s.b.w.s.FilterRegistrationBean
                [AbstractFilterRegistrationBean.java:245] Mapping filter: 'hiddenHttpMethodFilter' to: [/*]
2018-10-06 22:44:18 INFO [localhost-startStop-1] o.s.b.w.s.FilterRegistrationBean
                [AbstractFilterRegistrationBean.java:245] Mapping filter: 'httpPutFormContentFilter' to: [/*]
2018-10-06 22:44:18 INFO [localhost-startStop-1] o.s.b.w.s.FilterRegistrationBean
                [AbstractFilterRegistrationBean.java:245] Mapping filter: 'requestContextFilter' to: [/*]
2018-10-06 22:44:18 INFO [localhost-startStop-1] o.s.b.w.s.DelegatingFilterProxyRegistrationBean
                [AbstractFilterRegistrationBean.java:245] Mapping filter: 'springSecurityFilterChain' to: [/*]
2018-10-06 22:44:18 INFO [localhost-startStop-1] o.s.b.w.s.FilterRegistrationBean
                [AbstractFilterRegistrationBean.java:245] Mapping filter: 'httpTraceFilter' to: [/*]
2018-10-06 22:44:18 INFO [localhost-startStop-1] o.s.b.w.s.ServletRegistrationBean
                [ServletRegistrationBean.java:187] Servlet dispatcherServlet mapped to [/]
2018-10-06 22:44:18 INFO [localhost-startStop-1] o.s.b.w.s.ServletRegistrationBean
                [ServletRegistrationBean.java:187] Servlet messageDispatcherServlet mapped to [/services/*]
2018-10-06 22:44:18 INFO [restartedMain] o.s.o.j.LocalContainerEntityManagerFactoryBean
                [LocalContainerEntityManagerFactoryBean.java:361] Building JPA container EntityManagerFactory for persistence unit 'default'
2018-10-06 22:44:18 INFO [restartedMain] o.h.j.i.u.LogHelper
                [LogHelper.java:31] HHH000204: Processing PersistenceUnitInfo [
	name: default
	...]
2018-10-06 22:44:18 INFO [restartedMain] o.h.Version
                [Version.java:45] HHH000412: Hibernate Core {5.2.17.Final}
2018-10-06 22:44:18 INFO [restartedMain] o.h.c.Environment
                [Environment.java:213] HHH000206: hibernate.properties not found
2018-10-06 22:44:18 INFO [restartedMain] o.h.a.c.Version
                [JavaReflectionManager.java:66] HCANN000001: Hibernate Commons Annotations {5.0.1.Final}
2018-10-06 22:44:19 INFO [restartedMain] c.z.h.HikariDataSource
                [HikariDataSource.java:110] HikariPool-1 - Starting...
2018-10-06 22:44:19 INFO [restartedMain] c.z.h.HikariDataSource
                [HikariDataSource.java:123] HikariPool-1 - Start completed.
2018-10-06 22:44:19 INFO [restartedMain] o.h.d.Dialect
                [Dialect.java:157] HHH000400: Using dialect: org.hibernate.dialect.MySQL5InnoDBDialect
2018-10-06 22:44:34 INFO [restartedMain] o.s.o.j.LocalContainerEntityManagerFactoryBean
                [AbstractEntityManagerFactoryBean.java:415] Initialized JPA EntityManagerFactory for persistence unit 'default'
2018-10-06 22:44:34 INFO [restartedMain] o.s.b.a.s.s.UserDetailsServiceAutoConfiguration
                [UserDetailsServiceAutoConfiguration.java:86] 

Using generated security password: f1ee6a2c-0338-4050-8bed-4923e4577bed

2018-10-06 22:44:34 INFO [restartedMain] o.s.s.w.DefaultSecurityFilterChain
                [DefaultSecurityFilterChain.java:43] Creating filter chain: Ant [pattern='/**', OPTIONS], []
2018-10-06 22:44:35 INFO [restartedMain] o.s.s.w.DefaultSecurityFilterChain
                [DefaultSecurityFilterChain.java:43] Creating filter chain: org.springframework.security.web.util.matcher.AnyRequestMatcher@1, [org.springframework.security.web.context.request.async.WebAsyncManagerIntegrationFilter@322ccfc0, org.springframework.security.web.context.SecurityContextPersistenceFilter@4d4968a5, org.springframework.security.web.header.HeaderWriterFilter@5db988e7, org.springframework.security.web.authentication.logout.LogoutFilter@4cab28b9, org.springframework.security.web.savedrequest.RequestCacheAwareFilter@4242d854, org.springframework.security.web.servletapi.SecurityContextHolderAwareRequestFilter@43f77ae7, org.springframework.security.web.authentication.AnonymousAuthenticationFilter@7d2d7c25, org.springframework.security.web.session.SessionManagementFilter@2722e1d8, org.springframework.security.web.access.ExceptionTranslationFilter@629104fd, org.springframework.security.web.access.intercept.FilterSecurityInterceptor@426a481]
2018-10-06 22:44:35 INFO [restartedMain] o.s.w.s.h.SimpleUrlHandlerMapping
                [AbstractUrlHandlerMapping.java:373] Mapped URL path [/**/favicon.ico] onto handler of type [class org.springframework.web.servlet.resource.ResourceHttpRequestHandler]
2018-10-06 22:44:35 INFO [restartedMain] o.s.w.s.m.m.a.RequestMappingHandlerAdapter
                [RequestMappingHandlerAdapter.java:588] Looking for @ControllerAdvice: org.springframework.boot.web.servlet.context.AnnotationConfigServletWebServerApplicationContext@3560bb8a: startup date [Sat Oct 06 22:44:14 WAT 2018]; root of context hierarchy
2018-10-06 22:44:35 WARN [restartedMain] o.s.b.a.o.j.JpaBaseConfiguration$JpaWebConfiguration$JpaWebMvcConfiguration
                [JpaBaseConfiguration.java:237] spring.jpa.open-in-view is enabled by default. Therefore, database queries may be performed during view rendering. Explicitly configure spring.jpa.open-in-view to disable this warning
2018-10-06 22:44:35 INFO [restartedMain] o.s.w.s.m.m.a.RequestMappingHandlerMapping
                [AbstractHandlerMethodMapping.java:549] Mapped "{[/error]}" onto public org.springframework.http.ResponseEntity<java.util.Map<java.lang.String, java.lang.Object>> org.springframework.boot.autoconfigure.web.servlet.error.BasicErrorController.error(javax.servlet.http.HttpServletRequest)
2018-10-06 22:44:35 INFO [restartedMain] o.s.w.s.m.m.a.RequestMappingHandlerMapping
                [AbstractHandlerMethodMapping.java:549] Mapped "{[/error],produces=[text/html]}" onto public org.springframework.web.servlet.ModelAndView org.springframework.boot.autoconfigure.web.servlet.error.BasicErrorController.errorHtml(javax.servlet.http.HttpServletRequest,javax.servlet.http.HttpServletResponse)
2018-10-06 22:44:35 INFO [restartedMain] o.s.w.s.h.SimpleUrlHandlerMapping
                [AbstractUrlHandlerMapping.java:373] Mapped URL path [/webjars/**] onto handler of type [class org.springframework.web.servlet.resource.ResourceHttpRequestHandler]
2018-10-06 22:44:35 INFO [restartedMain] o.s.w.s.h.SimpleUrlHandlerMapping
                [AbstractUrlHandlerMapping.java:373] Mapped URL path [/**] onto handler of type [class org.springframework.web.servlet.resource.ResourceHttpRequestHandler]
2018-10-06 22:44:35 INFO [restartedMain] o.s.w.s.h.SimpleUrlHandlerMapping
                [AbstractUrlHandlerMapping.java:373] Mapped URL path [/assets/**] onto handler of type [class org.springframework.web.servlet.resource.ResourceHttpRequestHandler]
2018-10-06 22:44:35 INFO [restartedMain] o.s.b.a.w.s.WelcomePageHandlerMapping
                [WelcomePageHandlerMapping.java:61] Adding welcome page template: index
2018-10-06 22:44:36 INFO [restartedMain] o.s.b.a.e.w.EndpointLinksResolver
                [EndpointLinksResolver.java:59] Exposing 2 endpoint(s) beneath base path '/actuator'
2018-10-06 22:44:36 INFO [restartedMain] o.s.b.a.e.w.s.WebMvcEndpointHandlerMapping
                [AbstractHandlerMethodMapping.java:549] Mapped "{[/actuator/health],methods=[GET],produces=[application/vnd.spring-boot.actuator.v2+json || application/json]}" onto public java.lang.Object org.springframework.boot.actuate.endpoint.web.servlet.AbstractWebMvcEndpointHandlerMapping$OperationHandler.handle(javax.servlet.http.HttpServletRequest,java.util.Map<java.lang.String, java.lang.String>)
2018-10-06 22:44:36 INFO [restartedMain] o.s.b.a.e.w.s.WebMvcEndpointHandlerMapping
                [AbstractHandlerMethodMapping.java:549] Mapped "{[/actuator/info],methods=[GET],produces=[application/vnd.spring-boot.actuator.v2+json || application/json]}" onto public java.lang.Object org.springframework.boot.actuate.endpoint.web.servlet.AbstractWebMvcEndpointHandlerMapping$OperationHandler.handle(javax.servlet.http.HttpServletRequest,java.util.Map<java.lang.String, java.lang.String>)
2018-10-06 22:44:36 INFO [restartedMain] o.s.b.a.e.w.s.WebMvcEndpointHandlerMapping
                [AbstractHandlerMethodMapping.java:549] Mapped "{[/actuator],methods=[GET],produces=[application/vnd.spring-boot.actuator.v2+json || application/json]}" onto protected java.util.Map<java.lang.String, java.util.Map<java.lang.String, org.springframework.boot.actuate.endpoint.web.Link>> org.springframework.boot.actuate.endpoint.web.servlet.WebMvcEndpointHandlerMapping.links(javax.servlet.http.HttpServletRequest,javax.servlet.http.HttpServletResponse)
2018-10-06 22:44:36 INFO [restartedMain] o.s.b.d.a.OptionalLiveReloadServer
                [OptionalLiveReloadServer.java:57] LiveReload server is running on port 35729
2018-10-06 22:44:36 INFO [restartedMain] o.s.j.e.a.AnnotationMBeanExporter
                [MBeanExporter.java:433] Registering beans for JMX exposure on startup
2018-10-06 22:44:36 INFO [restartedMain] o.s.j.e.a.AnnotationMBeanExporter
                [MBeanExporter.java:895] Bean with name 'dataSource' has been autodetected for JMX exposure
2018-10-06 22:44:36 INFO [restartedMain] o.s.j.e.a.AnnotationMBeanExporter
                [MBeanExporter.java:668] Located MBean 'dataSource': registering with JMX server as MBean [com.zaxxer.hikari:name=dataSource,type=HikariDataSource]
2018-10-06 22:44:36 INFO [restartedMain] o.s.c.s.DefaultLifecycleProcessor
                [DefaultLifecycleProcessor.java:356] Starting beans in phase 2147483647
2018-10-06 22:44:36 INFO [restartedMain] o.s.s.a.ScheduledAnnotationBeanPostProcessor
                [ScheduledAnnotationBeanPostProcessor.java:276] No TaskScheduler/ScheduledExecutorService bean found for scheduled processing
2018-10-06 22:44:36 INFO [restartedMain] o.a.c.h.Http11NioProtocol
                [DirectJDKLog.java:180] Starting ProtocolHandler ["http-nio-8080"]
2018-10-06 22:44:36 INFO [restartedMain] o.a.t.u.n.NioSelectorPool
                [DirectJDKLog.java:180] Using a shared selector for servlet write/read
2018-10-06 22:44:36 INFO [restartedMain] o.s.b.w.e.t.TomcatWebServer
                [TomcatWebServer.java:206] Tomcat started on port(s): 8080 (http) with context path ''
2018-10-06 22:44:36 INFO [restartedMain] c.e.s.ScaffoldApplication
                [StartupInfoLogger.java:59] Started ScaffoldApplication in 23.159 seconds (JVM running for 24.071)
2018-10-06 22:45:13 INFO [http-nio-8080-exec-3] o.a.c.c.C.[.[.[/]
                [DirectJDKLog.java:180] Initializing Spring FrameworkServlet 'dispatcherServlet'
2018-10-06 22:45:13 INFO [http-nio-8080-exec-3] o.s.w.s.DispatcherServlet
                [FrameworkServlet.java:494] FrameworkServlet 'dispatcherServlet': initialization started
2018-10-06 22:45:13 INFO [http-nio-8080-exec-3] o.s.w.s.DispatcherServlet
                [FrameworkServlet.java:509] FrameworkServlet 'dispatcherServlet': initialization completed in 26 ms
